<?xml version="1.0" encoding="UTF-8"?>
<robot generator="Robot 7.3.2 (Python 3.13.2 on darwin)" generated="2025-09-25T19:49:56.568040" rpa="false" schemaversion="5">
<suite id="s1" name="Test" source="/Users/m1air/Desktop/qa_automation_projects/robot-framework/Tests/test.robot">
<kw name="Launch Browser" owner="CustomerPage" type="SETUP">
<kw name="Open Browser" owner="SeleniumLibrary">
<msg time="2025-09-25T19:49:56.719875" level="INFO">Opening browser 'chrome' to base url 'https://marmelab.com/react-admin-demo'.</msg>
<arg>${url}</arg>
<arg>chrome</arg>
<arg>options=add_argument("--start-maximized")</arg>
<doc>Opens a new browser instance to the optional ``url``.</doc>
<status status="PASS" start="2025-09-25T19:49:56.719739" elapsed="2.870358"/>
</kw>
<kw name="Wait Until Keyword Succeeds" owner="BuiltIn">
<kw name="Wait Until Element Is Visible" owner="SeleniumLibrary">
<arg>${element_to_wait}</arg>
<doc>Waits until the element ``locator`` is visible.</doc>
<status status="PASS" start="2025-09-25T19:49:59.592103" elapsed="0.289743"/>
</kw>
<arg>5x</arg>
<arg>5s</arg>
<arg>Wait Until Element Is Visible</arg>
<arg>${element_to_wait}</arg>
<doc>Runs the specified keyword and retries if it fails.</doc>
<status status="PASS" start="2025-09-25T19:49:59.591448" elapsed="0.290483"/>
</kw>
<status status="PASS" start="2025-09-25T19:49:56.719334" elapsed="3.162686"/>
</kw>
<test id="s1-t1" name="TEST-000001" line="9">
<kw name="Login Customer" owner="CustomerPage">
<kw name="Input Text" owner="SeleniumLibrary">
<msg time="2025-09-25T19:49:59.884515" level="INFO">Typing text 'demo' into text field '//input[@name="username"]'.</msg>
<arg>${login_txt_username}</arg>
<arg>${username}</arg>
<doc>Types the given ``text`` into the text field identified by ``locator``.</doc>
<status status="PASS" start="2025-09-25T19:49:59.883401" elapsed="0.160078"/>
</kw>
<kw name="Input Text" owner="SeleniumLibrary">
<msg time="2025-09-25T19:50:00.045081" level="INFO">Typing text 'demo' into text field '//input[@name="password"]'.</msg>
<arg>${login_txt_password}</arg>
<arg>${password}</arg>
<doc>Types the given ``text`` into the text field identified by ``locator``.</doc>
<status status="PASS" start="2025-09-25T19:50:00.044329" elapsed="0.075355"/>
</kw>
<kw name="Capture Page Screenshot" owner="SeleniumLibrary">
<msg time="2025-09-25T19:50:00.256228" level="INFO" html="true">&lt;/td&gt;&lt;/tr&gt;&lt;tr&gt;&lt;td colspan="3"&gt;&lt;a href="selenium-screenshot-295.png"&gt;&lt;img src="selenium-screenshot-295.png" width="800px"&gt;&lt;/a&gt;</msg>
<doc>Takes a screenshot of the current page and embeds it into a log file.</doc>
<status status="PASS" start="2025-09-25T19:50:00.119953" elapsed="0.136367"/>
</kw>
<kw name="Click Button" owner="SeleniumLibrary">
<msg time="2025-09-25T19:50:00.256672" level="INFO">Clicking button '//button[@type="submit"]'.</msg>
<arg>${login_btn_submit}</arg>
<doc>Clicks the button identified by ``locator``.</doc>
<status status="PASS" start="2025-09-25T19:50:00.256463" elapsed="0.115380"/>
</kw>
<kw name="Run Keyword And Return Status" owner="BuiltIn">
<kw name="Wait Until Element Is Visible" owner="SeleniumLibrary">
<arg>${dashboard_hdr}</arg>
<doc>Waits until the element ``locator`` is visible.</doc>
<status status="PASS" start="2025-09-25T19:50:00.373194" elapsed="0.045955"/>
</kw>
<msg time="2025-09-25T19:50:00.419345" level="INFO">${status} = True</msg>
<var>${status}</var>
<arg>Wait Until Element Is Visible</arg>
<arg>${dashboard_hdr}</arg>
<doc>Runs the given keyword with given arguments and returns the status as a Boolean value.</doc>
<status status="PASS" start="2025-09-25T19:50:00.372536" elapsed="0.046846"/>
</kw>
<if>
<branch type="IF" condition="${status}">
<kw name="Log To Console" owner="BuiltIn">
<arg>Login Sucessful</arg>
<doc>Logs the given message to the console.</doc>
<status status="PASS" start="2025-09-25T19:50:00.419976" elapsed="0.000160"/>
</kw>
<status status="PASS" start="2025-09-25T19:50:00.419550" elapsed="0.000621"/>
</branch>
<branch type="ELSE">
<kw name="Log To Console" owner="BuiltIn">
<arg>Login Failed</arg>
<doc>Logs the given message to the console.</doc>
<status status="NOT RUN" start="2025-09-25T19:50:00.420386" elapsed="0.000116"/>
</kw>
<status status="NOT RUN" start="2025-09-25T19:50:00.420206" elapsed="0.000411"/>
</branch>
<status status="PASS" start="2025-09-25T19:50:00.419481" elapsed="0.001161"/>
</if>
<kw name="Capture Page Screenshot" owner="SeleniumLibrary">
<msg time="2025-09-25T19:50:00.723550" level="INFO" html="true">&lt;/td&gt;&lt;/tr&gt;&lt;tr&gt;&lt;td colspan="3"&gt;&lt;a href="selenium-screenshot-296.png"&gt;&lt;img src="selenium-screenshot-296.png" width="800px"&gt;&lt;/a&gt;</msg>
<doc>Takes a screenshot of the current page and embeds it into a log file.</doc>
<status status="PASS" start="2025-09-25T19:50:00.420727" elapsed="0.304565"/>
</kw>
<status status="PASS" start="2025-09-25T19:49:59.883114" elapsed="0.842321"/>
</kw>
<kw name="Get Random Customers" owner="CustomLibrary">
<msg time="2025-09-25T19:50:01.029230" level="INFO">/Users/m1air/Desktop/qa_automation_projects/robot-framework/venv/lib/python3.13/site-packages/urllib3/connectionpool.py:1097: InsecureRequestWarning: Unverified HTTPS request is being made to host 'jsonplaceholder.typicode.com'. Adding certificate verification is strongly advised. See: https://urllib3.readthedocs.io/en/latest/advanced-usage.html#tls-warnings
  warnings.warn(</msg>
<msg time="2025-09-25T19:50:01.029914" level="INFO">@{customers} = [ {'id': 1, 'name': 'Leanne Graham', 'username': 'Bret', 'email': 'Sincere@april.biz', 'address': {'street': 'Kulas Light', 'suite': 'Apt. 556', 'city': 'Gwenborough', 'zipcode': '92998-3874', 'geo': ...</msg>
<var>@{customers}</var>
<arg>${5}</arg>
<status status="PASS" start="2025-09-25T19:50:00.726371" elapsed="0.303590"/>
</kw>
<kw name="Create Customers" owner="CustomerPage">
<for flavor="IN">
<iter>
<kw name="Go to Customers Page" owner="CustomerPage">
<kw name="Click Element" owner="SeleniumLibrary">
<msg time="2025-09-25T19:50:01.032068" level="INFO">Clicking element '//a[@href="#/customers"]'.</msg>
<arg>${nav_btn_customers}</arg>
<doc>Click the element identified by ``locator``.</doc>
<status status="PASS" start="2025-09-25T19:50:01.031731" elapsed="0.067299"/>
</kw>
<kw name="Wait Until Element Is Visible" owner="SeleniumLibrary">
<arg>//table//tbody//tr</arg>
<doc>Waits until the element ``locator`` is visible.</doc>
<status status="PASS" start="2025-09-25T19:50:01.099379" elapsed="0.479212"/>
</kw>
<status status="PASS" start="2025-09-25T19:50:01.031537" elapsed="0.547512"/>
</kw>
<kw name="Create Customer" owner="CustomerPage">
<kw name="Click Element" owner="SeleniumLibrary">
<msg time="2025-09-25T19:50:01.580465" level="INFO">Clicking element '//a[@aria-label="Create"]'.</msg>
<arg>${customers_btn_create}</arg>
<doc>Click the element identified by ``locator``.</doc>
<status status="PASS" start="2025-09-25T19:50:01.580166" elapsed="0.056312"/>
</kw>
<kw name="Wait Until Element Is Visible" owner="SeleniumLibrary">
<arg>${customers_txt_firstname}</arg>
<doc>Waits until the element ``locator`` is visible.</doc>
<status status="PASS" start="2025-09-25T19:50:01.636635" elapsed="0.065583"/>
</kw>
<kw name="Input Customer Data" owner="CustomerPage">
<kw name="Wait Until Element Is Visible" owner="SeleniumLibrary">
<arg>${customers_txt_firstname}</arg>
<doc>Waits until the element ``locator`` is visible.</doc>
<status status="PASS" start="2025-09-25T19:50:01.702550" elapsed="0.006547"/>
</kw>
<kw name="Input and Clear Data" owner="CustomerPage">
<kw name="Click Element" owner="SeleniumLibrary">
<msg time="2025-09-25T19:50:01.711942" level="INFO">Clicking element '//input[@name='first_name']'.</msg>
<arg>${element_to_clear_and_input_text}</arg>
<doc>Click the element identified by ``locator``.</doc>
<status status="PASS" start="2025-09-25T19:50:01.711799" elapsed="0.034497"/>
</kw>
<kw name="Get Value" owner="SeleniumLibrary">
<msg time="2025-09-25T19:50:01.762870" level="INFO">${existing_text} = </msg>
<var>${existing_text}</var>
<arg>${element_to_clear_and_input_text}</arg>
<doc>Returns the value attribute of the element identified by ``locator``.</doc>
<status status="PASS" start="2025-09-25T19:50:01.746657" elapsed="0.016258"/>
</kw>
<kw name="Run Keyword If" owner="BuiltIn">
<arg>'${existing_text}' != ''</arg>
<arg>Press Keys</arg>
<arg>${element_to_clear_and_input_text}</arg>
<arg>CTRL+A</arg>
<arg>COMMAND+A</arg>
<arg>BACKSPACE</arg>
<doc>Runs the given keyword with the given arguments, if ``condition`` is true.</doc>
<status status="PASS" start="2025-09-25T19:50:01.763176" elapsed="0.000809"/>
</kw>
<kw name="Input Text" owner="SeleniumLibrary">
<msg time="2025-09-25T19:50:01.764285" level="INFO">Typing text 'Leanne' into text field '//input[@name='first_name']'.</msg>
<arg>${element_to_clear_and_input_text}</arg>
<arg>${input}</arg>
<doc>Types the given ``text`` into the text field identified by ``locator``.</doc>
<status status="PASS" start="2025-09-25T19:50:01.764106" elapsed="0.046781"/>
</kw>
<arg>${customers_txt_firstname}</arg>
<arg>${customer["name"].split(" ")[0]}</arg>
<status status="PASS" start="2025-09-25T19:50:01.709438" elapsed="0.101524"/>
</kw>
<kw name="Input and Clear Data" owner="CustomerPage">
<kw name="Click Element" owner="SeleniumLibrary">
<msg time="2025-09-25T19:50:01.811822" level="INFO">Clicking element '//input[@name='last_name']'.</msg>
<arg>${element_to_clear_and_input_text}</arg>
<doc>Click the element identified by ``locator``.</doc>
<status status="PASS" start="2025-09-25T19:50:01.811684" elapsed="0.053717"/>
</kw>
<kw name="Get Value" owner="SeleniumLibrary">
<msg time="2025-09-25T19:50:01.875273" level="INFO">${existing_text} = </msg>
<var>${existing_text}</var>
<arg>${element_to_clear_and_input_text}</arg>
<doc>Returns the value attribute of the element identified by ``locator``.</doc>
<status status="PASS" start="2025-09-25T19:50:01.865520" elapsed="0.009827"/>
</kw>
<kw name="Run Keyword If" owner="BuiltIn">
<arg>'${existing_text}' != ''</arg>
<arg>Press Keys</arg>
<arg>${element_to_clear_and_input_text}</arg>
<arg>CTRL+A</arg>
<arg>COMMAND+A</arg>
<arg>BACKSPACE</arg>
<doc>Runs the given keyword with the given arguments, if ``condition`` is true.</doc>
<status status="PASS" start="2025-09-25T19:50:01.875496" elapsed="0.000391"/>
</kw>
<kw name="Input Text" owner="SeleniumLibrary">
<msg time="2025-09-25T19:50:01.876782" level="INFO">Typing text 'Graham' into text field '//input[@name='last_name']'.</msg>
<arg>${element_to_clear_and_input_text}</arg>
<arg>${input}</arg>
<doc>Types the given ``text`` into the text field identified by ``locator``.</doc>
<status status="PASS" start="2025-09-25T19:50:01.876344" elapsed="0.051972"/>
</kw>
<arg>${customers_txt_lastname}</arg>
<arg>${customer["name"].split(" ")[1]}</arg>
<status status="PASS" start="2025-09-25T19:50:01.811074" elapsed="0.117446"/>
</kw>
<kw name="Input and Clear Data" owner="CustomerPage">
<kw name="Click Element" owner="SeleniumLibrary">
<msg time="2025-09-25T19:50:01.929577" level="INFO">Clicking element '//input[@name='email']'.</msg>
<arg>${element_to_clear_and_input_text}</arg>
<doc>Click the element identified by ``locator``.</doc>
<status status="PASS" start="2025-09-25T19:50:01.929460" elapsed="0.048217"/>
</kw>
<kw name="Get Value" owner="SeleniumLibrary">
<msg time="2025-09-25T19:50:01.994021" level="INFO">${existing_text} = </msg>
<var>${existing_text}</var>
<arg>${element_to_clear_and_input_text}</arg>
<doc>Returns the value attribute of the element identified by ``locator``.</doc>
<status status="PASS" start="2025-09-25T19:50:01.978563" elapsed="0.015749"/>
</kw>
<kw name="Run Keyword If" owner="BuiltIn">
<arg>'${existing_text}' != ''</arg>
<arg>Press Keys</arg>
<arg>${element_to_clear_and_input_text}</arg>
<arg>CTRL+A</arg>
<arg>COMMAND+A</arg>
<arg>BACKSPACE</arg>
<doc>Runs the given keyword with the given arguments, if ``condition`` is true.</doc>
<status status="PASS" start="2025-09-25T19:50:01.994897" elapsed="0.000496"/>
</kw>
<kw name="Input Text" owner="SeleniumLibrary">
<msg time="2025-09-25T19:50:01.996677" level="INFO">Typing text 'Sincere@april.biz' into text field '//input[@name='email']'.</msg>
<arg>${element_to_clear_and_input_text}</arg>
<arg>${input}</arg>
<doc>Types the given ``text`` into the text field identified by ``locator``.</doc>
<status status="PASS" start="2025-09-25T19:50:01.995574" elapsed="0.066036"/>
</kw>
<arg>${customers_txt_email}</arg>
<arg>${customer["email"]}</arg>
<status status="PASS" start="2025-09-25T19:50:01.928838" elapsed="0.132985"/>
</kw>
<kw name="Input Text" owner="SeleniumLibrary">
<msg time="2025-09-25T19:50:02.062361" level="INFO">Typing text '10231999' into text field '//input[@name='birthday']'.</msg>
<arg>${customers_txt_birthday}</arg>
<arg>${customer["birthday"]}</arg>
<doc>Types the given ``text`` into the text field identified by ``locator``.</doc>
<status status="PASS" start="2025-09-25T19:50:02.061931" elapsed="0.074933"/>
</kw>
<kw name="Input and Clear Data" owner="CustomerPage">
<kw name="Click Element" owner="SeleniumLibrary">
<msg time="2025-09-25T19:50:02.138372" level="INFO">Clicking element '//textarea[@name='address']'.</msg>
<arg>${element_to_clear_and_input_text}</arg>
<doc>Click the element identified by ``locator``.</doc>
<status status="PASS" start="2025-09-25T19:50:02.137892" elapsed="0.050577"/>
</kw>
<kw name="Get Value" owner="SeleniumLibrary">
<msg time="2025-09-25T19:50:02.199153" level="INFO">${existing_text} = </msg>
<var>${existing_text}</var>
<arg>${element_to_clear_and_input_text}</arg>
<doc>Returns the value attribute of the element identified by ``locator``.</doc>
<status status="PASS" start="2025-09-25T19:50:02.189939" elapsed="0.009253"/>
</kw>
<kw name="Run Keyword If" owner="BuiltIn">
<arg>'${existing_text}' != ''</arg>
<arg>Press Keys</arg>
<arg>${element_to_clear_and_input_text}</arg>
<arg>CTRL+A</arg>
<arg>COMMAND+A</arg>
<arg>BACKSPACE</arg>
<doc>Runs the given keyword with the given arguments, if ``condition`` is true.</doc>
<status status="PASS" start="2025-09-25T19:50:02.199338" elapsed="0.000191"/>
</kw>
<kw name="Input Text" owner="SeleniumLibrary">
<msg time="2025-09-25T19:50:02.199808" level="INFO">Typing text 'Kulas Light Apt. 556' into text field '//textarea[@name='address']'.</msg>
<arg>${element_to_clear_and_input_text}</arg>
<arg>${input}</arg>
<doc>Types the given ``text`` into the text field identified by ``locator``.</doc>
<status status="PASS" start="2025-09-25T19:50:02.199615" elapsed="0.058408"/>
</kw>
<arg>${customers_txt_address}</arg>
<arg>${customer["address"]["street"]} ${customer["address"]["suite"]}</arg>
<status status="PASS" start="2025-09-25T19:50:02.137094" elapsed="0.121129"/>
</kw>
<kw name="Input and Clear Data" owner="CustomerPage">
<kw name="Click Element" owner="SeleniumLibrary">
<msg time="2025-09-25T19:50:02.259075" level="INFO">Clicking element '//input[@name='city']'.</msg>
<arg>${element_to_clear_and_input_text}</arg>
<doc>Click the element identified by ``locator``.</doc>
<status status="PASS" start="2025-09-25T19:50:02.258931" elapsed="0.041892"/>
</kw>
<kw name="Get Value" owner="SeleniumLibrary">
<msg time="2025-09-25T19:50:02.311105" level="INFO">${existing_text} = </msg>
<var>${existing_text}</var>
<arg>${element_to_clear_and_input_text}</arg>
<doc>Returns the value attribute of the element identified by ``locator``.</doc>
<status status="PASS" start="2025-09-25T19:50:02.301005" elapsed="0.010168"/>
</kw>
<kw name="Run Keyword If" owner="BuiltIn">
<arg>'${existing_text}' != ''</arg>
<arg>Press Keys</arg>
<arg>${element_to_clear_and_input_text}</arg>
<arg>CTRL+A</arg>
<arg>COMMAND+A</arg>
<arg>BACKSPACE</arg>
<doc>Runs the given keyword with the given arguments, if ``condition`` is true.</doc>
<status status="PASS" start="2025-09-25T19:50:02.311342" elapsed="0.000173"/>
</kw>
<kw name="Input Text" owner="SeleniumLibrary">
<msg time="2025-09-25T19:50:02.311733" level="INFO">Typing text 'Gwenborough' into text field '//input[@name='city']'.</msg>
<arg>${element_to_clear_and_input_text}</arg>
<arg>${input}</arg>
<doc>Types the given ``text`` into the text field identified by ``locator``.</doc>
<status status="PASS" start="2025-09-25T19:50:02.311586" elapsed="0.059088"/>
</kw>
<arg>${customers_txt_city}</arg>
<arg>${customer["address"]["city"]}</arg>
<status status="PASS" start="2025-09-25T19:50:02.258403" elapsed="0.112432"/>
</kw>
<kw name="Input and Clear Data" owner="CustomerPage">
<kw name="Click Element" owner="SeleniumLibrary">
<msg time="2025-09-25T19:50:02.372693" level="INFO">Clicking element '//input[@name='stateAbbr']'.</msg>
<arg>${element_to_clear_and_input_text}</arg>
<doc>Click the element identified by ``locator``.</doc>
<status status="PASS" start="2025-09-25T19:50:02.372495" elapsed="0.054191"/>
</kw>
<kw name="Get Value" owner="SeleniumLibrary">
<msg time="2025-09-25T19:50:02.434838" level="INFO">${existing_text} = </msg>
<var>${existing_text}</var>
<arg>${element_to_clear_and_input_text}</arg>
<doc>Returns the value attribute of the element identified by ``locator``.</doc>
<status status="PASS" start="2025-09-25T19:50:02.426805" elapsed="0.008064"/>
</kw>
<kw name="Run Keyword If" owner="BuiltIn">
<arg>'${existing_text}' != ''</arg>
<arg>Press Keys</arg>
<arg>${element_to_clear_and_input_text}</arg>
<arg>CTRL+A</arg>
<arg>COMMAND+A</arg>
<arg>BACKSPACE</arg>
<doc>Runs the given keyword with the given arguments, if ``condition`` is true.</doc>
<status status="PASS" start="2025-09-25T19:50:02.435032" elapsed="0.000469"/>
</kw>
<kw name="Input Text" owner="SeleniumLibrary">
<msg time="2025-09-25T19:50:02.435766" level="INFO">Typing text 'KAG' into text field '//input[@name='stateAbbr']'.</msg>
<arg>${element_to_clear_and_input_text}</arg>
<arg>${input}</arg>
<doc>Types the given ``text`` into the text field identified by ``locator``.</doc>
<status status="PASS" start="2025-09-25T19:50:02.435596" elapsed="0.048601"/>
</kw>
<arg>${customers_txt_stateAbbr}</arg>
<arg>${customer["stateAbbr"]}</arg>
<status status="PASS" start="2025-09-25T19:50:02.371291" elapsed="0.112991"/>
</kw>
<kw name="Input and Clear Data" owner="CustomerPage">
<kw name="Click Element" owner="SeleniumLibrary">
<msg time="2025-09-25T19:50:02.485425" level="INFO">Clicking element '//input[@name='zipcode']'.</msg>
<arg>${element_to_clear_and_input_text}</arg>
<doc>Click the element identified by ``locator``.</doc>
<status status="PASS" start="2025-09-25T19:50:02.485114" elapsed="0.074553"/>
</kw>
<kw name="Get Value" owner="SeleniumLibrary">
<msg time="2025-09-25T19:50:02.572169" level="INFO">${existing_text} = </msg>
<var>${existing_text}</var>
<arg>${element_to_clear_and_input_text}</arg>
<doc>Returns the value attribute of the element identified by ``locator``.</doc>
<status status="PASS" start="2025-09-25T19:50:02.559995" elapsed="0.012205"/>
</kw>
<kw name="Run Keyword If" owner="BuiltIn">
<arg>'${existing_text}' != ''</arg>
<arg>Press Keys</arg>
<arg>${element_to_clear_and_input_text}</arg>
<arg>CTRL+A</arg>
<arg>COMMAND+A</arg>
<arg>BACKSPACE</arg>
<doc>Runs the given keyword with the given arguments, if ``condition`` is true.</doc>
<status status="PASS" start="2025-09-25T19:50:02.572562" elapsed="0.000482"/>
</kw>
<kw name="Input Text" owner="SeleniumLibrary">
<msg time="2025-09-25T19:50:02.573958" level="INFO">Typing text '92998-3874' into text field '//input[@name='zipcode']'.</msg>
<arg>${element_to_clear_and_input_text}</arg>
<arg>${input}</arg>
<doc>Types the given ``text`` into the text field identified by ``locator``.</doc>
<status status="PASS" start="2025-09-25T19:50:02.573265" elapsed="0.045831"/>
</kw>
<arg>${customers_txt_zipcode}</arg>
<arg>${customer["address"]["zipcode"]}</arg>
<status status="PASS" start="2025-09-25T19:50:02.484434" elapsed="0.134747"/>
</kw>
<kw name="Input and Clear Data" owner="CustomerPage">
<kw name="Click Element" owner="SeleniumLibrary">
<msg time="2025-09-25T19:50:02.619944" level="INFO">Clicking element '//input[@name='password']'.</msg>
<arg>${element_to_clear_and_input_text}</arg>
<doc>Click the element identified by ``locator``.</doc>
<status status="PASS" start="2025-09-25T19:50:02.619824" elapsed="0.054600"/>
</kw>
<kw name="Get Value" owner="SeleniumLibrary">
<msg time="2025-09-25T19:50:02.684922" level="INFO">${existing_text} = </msg>
<var>${existing_text}</var>
<arg>${element_to_clear_and_input_text}</arg>
<doc>Returns the value attribute of the element identified by ``locator``.</doc>
<status status="PASS" start="2025-09-25T19:50:02.674844" elapsed="0.010137"/>
</kw>
<kw name="Run Keyword If" owner="BuiltIn">
<arg>'${existing_text}' != ''</arg>
<arg>Press Keys</arg>
<arg>${element_to_clear_and_input_text}</arg>
<arg>CTRL+A</arg>
<arg>COMMAND+A</arg>
<arg>BACKSPACE</arg>
<doc>Runs the given keyword with the given arguments, if ``condition`` is true.</doc>
<status status="PASS" start="2025-09-25T19:50:02.685273" elapsed="0.000189"/>
</kw>
<kw name="Input Text" owner="SeleniumLibrary">
<msg time="2025-09-25T19:50:02.685846" level="INFO">Typing text 'h!LImG08' into text field '//input[@name='password']'.</msg>
<arg>${element_to_clear_and_input_text}</arg>
<arg>${input}</arg>
<doc>Types the given ``text`` into the text field identified by ``locator``.</doc>
<status status="PASS" start="2025-09-25T19:50:02.685581" elapsed="0.041343"/>
</kw>
<arg>${customers_txt_password}</arg>
<arg>${customer["password"]}</arg>
<status status="PASS" start="2025-09-25T19:50:02.619319" elapsed="0.107689"/>
</kw>
<kw name="Input and Clear Data" owner="CustomerPage">
<kw name="Click Element" owner="SeleniumLibrary">
<msg time="2025-09-25T19:50:02.727933" level="INFO">Clicking element '//input[@name='confirm_password']'.</msg>
<arg>${element_to_clear_and_input_text}</arg>
<doc>Click the element identified by ``locator``.</doc>
<status status="PASS" start="2025-09-25T19:50:02.727674" elapsed="0.036896"/>
</kw>
<kw name="Get Value" owner="SeleniumLibrary">
<msg time="2025-09-25T19:50:02.770510" level="INFO">${existing_text} = </msg>
<var>${existing_text}</var>
<arg>${element_to_clear_and_input_text}</arg>
<doc>Returns the value attribute of the element identified by ``locator``.</doc>
<status status="PASS" start="2025-09-25T19:50:02.764692" elapsed="0.005846"/>
</kw>
<kw name="Run Keyword If" owner="BuiltIn">
<arg>'${existing_text}' != ''</arg>
<arg>Press Keys</arg>
<arg>${element_to_clear_and_input_text}</arg>
<arg>CTRL+A</arg>
<arg>COMMAND+A</arg>
<arg>BACKSPACE</arg>
<doc>Runs the given keyword with the given arguments, if ``condition`` is true.</doc>
<status status="PASS" start="2025-09-25T19:50:02.770639" elapsed="0.000167"/>
</kw>
<kw name="Input Text" owner="SeleniumLibrary">
<msg time="2025-09-25T19:50:02.771027" level="INFO">Typing text 'h!LImG08' into text field '//input[@name='confirm_password']'.</msg>
<arg>${element_to_clear_and_input_text}</arg>
<arg>${input}</arg>
<doc>Types the given ``text`` into the text field identified by ``locator``.</doc>
<status status="PASS" start="2025-09-25T19:50:02.770891" elapsed="0.035480"/>
</kw>
<arg>${customers_txt_confirm_password}</arg>
<arg>${customer["password"]}</arg>
<status status="PASS" start="2025-09-25T19:50:02.727170" elapsed="0.079451"/>
</kw>
<arg>${customer}</arg>
<status status="PASS" start="2025-09-25T19:50:01.702372" elapsed="1.104395"/>
</kw>
<kw name="Click Button" owner="SeleniumLibrary">
<msg time="2025-09-25T19:50:02.807701" level="INFO">Clicking button '//button[@aria-label='Save']'.</msg>
<arg>${customers_btn_save}</arg>
<doc>Clicks the button identified by ``locator``.</doc>
<status status="PASS" start="2025-09-25T19:50:02.807045" elapsed="0.063580"/>
</kw>
<kw name="Wait Until Page Contains" owner="SeleniumLibrary">
<arg>Customer created</arg>
<doc>Waits until ``text`` appears on the current page.</doc>
<status status="PASS" start="2025-09-25T19:50:02.870775" elapsed="0.425146"/>
</kw>
<arg>${customer}</arg>
<status status="PASS" start="2025-09-25T19:50:01.579615" elapsed="1.716390"/>
</kw>
<kw name="Verify Customer Is Added" owner="CustomerPage">
<kw name="Get Element Attribute" owner="SeleniumLibrary">
<msg time="2025-09-25T19:50:03.302419" level="INFO">${first_name} = Leanne</msg>
<var>${first_name}</var>
<arg>${customers_txt_firstname}</arg>
<arg>value</arg>
<doc>Returns the value of ``attribute`` from the element ``locator``.</doc>
<status status="PASS" start="2025-09-25T19:50:03.296389" elapsed="0.006060"/>
</kw>
<kw name="Get Element Attribute" owner="SeleniumLibrary">
<msg time="2025-09-25T19:50:03.309514" level="INFO">${last_name} = Graham</msg>
<var>${last_name}</var>
<arg>${customers_txt_lastname}</arg>
<arg>value</arg>
<doc>Returns the value of ``attribute`` from the element ``locator``.</doc>
<status status="PASS" start="2025-09-25T19:50:03.302549" elapsed="0.007055"/>
</kw>
<kw name="Get Element Attribute" owner="SeleniumLibrary">
<msg time="2025-09-25T19:50:03.314852" level="INFO">${email} = Sincere@april.biz</msg>
<var>${email}</var>
<arg>${customers_txt_email}</arg>
<arg>value</arg>
<doc>Returns the value of ``attribute`` from the element ``locator``.</doc>
<status status="PASS" start="2025-09-25T19:50:03.309702" elapsed="0.005175"/>
</kw>
<kw name="Get Element Attribute" owner="SeleniumLibrary">
<msg time="2025-09-25T19:50:03.320980" level="INFO">${birthday} = 1999-10-23</msg>
<var>${birthday}</var>
<arg>${customers_txt_birthday}</arg>
<arg>value</arg>
<doc>Returns the value of ``attribute`` from the element ``locator``.</doc>
<status status="PASS" start="2025-09-25T19:50:03.314969" elapsed="0.006041"/>
</kw>
<kw name="Get Element Attribute" owner="SeleniumLibrary">
<msg time="2025-09-25T19:50:03.327663" level="INFO">${address} = Kulas Light Apt. 556</msg>
<var>${address}</var>
<arg>${customers_txt_address}</arg>
<arg>value</arg>
<doc>Returns the value of ``attribute`` from the element ``locator``.</doc>
<status status="PASS" start="2025-09-25T19:50:03.321109" elapsed="0.006580"/>
</kw>
<kw name="Get Element Attribute" owner="SeleniumLibrary">
<msg time="2025-09-25T19:50:03.333006" level="INFO">${city} = Gwenborough</msg>
<var>${city}</var>
<arg>${customers_txt_city}</arg>
<arg>value</arg>
<doc>Returns the value of ``attribute`` from the element ``locator``.</doc>
<status status="PASS" start="2025-09-25T19:50:03.327782" elapsed="0.005272"/>
</kw>
<kw name="Get Element Attribute" owner="SeleniumLibrary">
<msg time="2025-09-25T19:50:03.343234" level="INFO">${stateAbbr} = KAG</msg>
<var>${stateAbbr}</var>
<arg>${customers_txt_stateAbbr}</arg>
<arg>value</arg>
<doc>Returns the value of ``attribute`` from the element ``locator``.</doc>
<status status="PASS" start="2025-09-25T19:50:03.333417" elapsed="0.009848"/>
</kw>
<kw name="Get Element Attribute" owner="SeleniumLibrary">
<msg time="2025-09-25T19:50:03.349052" level="INFO">${zipcode} = 92998-3874</msg>
<var>${zipcode}</var>
<arg>${customers_txt_zipcode}</arg>
<arg>value</arg>
<doc>Returns the value of ``attribute`` from the element ``locator``.</doc>
<status status="PASS" start="2025-09-25T19:50:03.343364" elapsed="0.005718"/>
</kw>
<kw name="Get Element Attribute" owner="SeleniumLibrary">
<msg time="2025-09-25T19:50:03.357497" level="INFO">${password} = h!LImG08</msg>
<var>${password}</var>
<arg>${customers_txt_password}</arg>
<arg>value</arg>
<doc>Returns the value of ``attribute`` from the element ``locator``.</doc>
<status status="PASS" start="2025-09-25T19:50:03.349193" elapsed="0.008333"/>
</kw>
<kw name="Get Element Attribute" owner="SeleniumLibrary">
<msg time="2025-09-25T19:50:03.362730" level="INFO">${confirm_password} = h!LImG08</msg>
<var>${confirm_password}</var>
<arg>${customers_txt_confirm_password}</arg>
<arg>value</arg>
<doc>Returns the value of ``attribute`` from the element ``locator``.</doc>
<status status="PASS" start="2025-09-25T19:50:03.357627" elapsed="0.005133"/>
</kw>
<kw name="Should Be Equal As Strings" owner="BuiltIn">
<arg>${first_name}</arg>
<arg>${customer["name"].split(" ")[0]}</arg>
<doc>Fails if objects are unequal after converting them to strings.</doc>
<status status="PASS" start="2025-09-25T19:50:03.362893" elapsed="0.000560"/>
</kw>
<kw name="Should Be Equal As Strings" owner="BuiltIn">
<arg>${lastname}</arg>
<arg>${customer["name"].split(" ")[1]}</arg>
<doc>Fails if objects are unequal after converting them to strings.</doc>
<status status="PASS" start="2025-09-25T19:50:03.363514" elapsed="0.000266"/>
</kw>
<kw name="Should Be Equal As Strings" owner="BuiltIn">
<arg>${email}</arg>
<arg>${customer["email"]}</arg>
<doc>Fails if objects are unequal after converting them to strings.</doc>
<status status="PASS" start="2025-09-25T19:50:03.363835" elapsed="0.000287"/>
</kw>
<kw name="Convert Date Format" owner="CustomLibrary">
<msg time="2025-09-25T19:50:03.364474" level="INFO">${customer_birthday} = 1999-10-23</msg>
<var>${customer_birthday}</var>
<arg>${customer["birthday"]}</arg>
<status status="PASS" start="2025-09-25T19:50:03.364183" elapsed="0.000306"/>
</kw>
<kw name="Should Be Equal As Strings" owner="BuiltIn">
<arg>${birthday}</arg>
<arg>${customer_birthday}</arg>
<doc>Fails if objects are unequal after converting them to strings.</doc>
<status status="PASS" start="2025-09-25T19:50:03.364536" elapsed="0.000070"/>
</kw>
<kw name="Should Be Equal As Strings" owner="BuiltIn">
<arg>${address}</arg>
<arg>${customer["address"]["street"]} ${customer["address"]["suite"]}</arg>
<doc>Fails if objects are unequal after converting them to strings.</doc>
<status status="PASS" start="2025-09-25T19:50:03.364651" elapsed="0.000422"/>
</kw>
<kw name="Should Be Equal As Strings" owner="BuiltIn">
<arg>${city}</arg>
<arg>${customer["address"]["city"]}</arg>
<doc>Fails if objects are unequal after converting them to strings.</doc>
<status status="PASS" start="2025-09-25T19:50:03.365120" elapsed="0.000244"/>
</kw>
<kw name="Should Be Equal As Strings" owner="BuiltIn">
<arg>${stateAbbr}</arg>
<arg>${customer["stateAbbr"]}</arg>
<doc>Fails if objects are unequal after converting them to strings.</doc>
<status status="PASS" start="2025-09-25T19:50:03.365411" elapsed="0.000259"/>
</kw>
<kw name="Should Be Equal As Strings" owner="BuiltIn">
<arg>${zipcode}</arg>
<arg>${customer["address"]["zipcode"]}</arg>
<doc>Fails if objects are unequal after converting them to strings.</doc>
<status status="PASS" start="2025-09-25T19:50:03.365770" elapsed="0.000260"/>
</kw>
<kw name="Should Be Equal As Strings" owner="BuiltIn">
<arg>${password}</arg>
<arg>${customer["password"]}</arg>
<doc>Fails if objects are unequal after converting them to strings.</doc>
<status status="PASS" start="2025-09-25T19:50:03.366076" elapsed="0.000265"/>
</kw>
<kw name="Should Be Equal As Strings" owner="BuiltIn">
<arg>${confirm_password}</arg>
<arg>${customer["password"]}</arg>
<doc>Fails if objects are unequal after converting them to strings.</doc>
<status status="PASS" start="2025-09-25T19:50:03.366386" elapsed="0.000355"/>
</kw>
<kw name="Append To List" owner="Collections">
<arg>${verified_users_list}</arg>
<arg>${customer}</arg>
<doc>Adds ``values`` to the end of ``list``.</doc>
<status status="PASS" start="2025-09-25T19:50:03.366816" elapsed="0.000080"/>
</kw>
<arg>${customer}</arg>
<status status="PASS" start="2025-09-25T19:50:03.296174" elapsed="0.070759"/>
</kw>
<var name="${customer}">{'id': 1, 'name': 'Leanne Graham', 'username': 'Bret', 'email': 'Sincere@april.biz', 'address': {'street': 'Kulas Light', 'suite': 'Apt. 556', 'city': 'Gwenborough', 'zipcode': '92998-3874', 'geo': {'...</var>
<status status="PASS" start="2025-09-25T19:50:01.031441" elapsed="2.335514"/>
</iter>
<iter>
<kw name="Go to Customers Page" owner="CustomerPage">
<kw name="Click Element" owner="SeleniumLibrary">
<msg time="2025-09-25T19:50:03.367357" level="INFO">Clicking element '//a[@href="#/customers"]'.</msg>
<arg>${nav_btn_customers}</arg>
<doc>Click the element identified by ``locator``.</doc>
<status status="PASS" start="2025-09-25T19:50:03.367259" elapsed="0.033242"/>
</kw>
<kw name="Wait Until Element Is Visible" owner="SeleniumLibrary">
<arg>//table//tbody//tr</arg>
<doc>Waits until the element ``locator`` is visible.</doc>
<status status="PASS" start="2025-09-25T19:50:03.400608" elapsed="0.227776"/>
</kw>
<status status="PASS" start="2025-09-25T19:50:03.367151" elapsed="0.261306"/>
</kw>
<kw name="Create Customer" owner="CustomerPage">
<kw name="Click Element" owner="SeleniumLibrary">
<msg time="2025-09-25T19:50:03.628858" level="INFO">Clicking element '//a[@aria-label="Create"]'.</msg>
<arg>${customers_btn_create}</arg>
<doc>Click the element identified by ``locator``.</doc>
<status status="PASS" start="2025-09-25T19:50:03.628752" elapsed="0.033911"/>
</kw>
<kw name="Wait Until Element Is Visible" owner="SeleniumLibrary">
<arg>${customers_txt_firstname}</arg>
<doc>Waits until the element ``locator`` is visible.</doc>
<status status="PASS" start="2025-09-25T19:50:03.662784" elapsed="0.038866"/>
</kw>
<kw name="Input Customer Data" owner="CustomerPage">
<kw name="Wait Until Element Is Visible" owner="SeleniumLibrary">
<arg>${customers_txt_firstname}</arg>
<doc>Waits until the element ``locator`` is visible.</doc>
<status status="PASS" start="2025-09-25T19:50:03.701985" elapsed="0.008922"/>
</kw>
<kw name="Input and Clear Data" owner="CustomerPage">
<kw name="Click Element" owner="SeleniumLibrary">
<msg time="2025-09-25T19:50:03.711580" level="INFO">Clicking element '//input[@name='first_name']'.</msg>
<arg>${element_to_clear_and_input_text}</arg>
<doc>Click the element identified by ``locator``.</doc>
<status status="PASS" start="2025-09-25T19:50:03.711481" elapsed="0.026589"/>
</kw>
<kw name="Get Value" owner="SeleniumLibrary">
<msg time="2025-09-25T19:50:03.764817" level="INFO">${existing_text} = </msg>
<var>${existing_text}</var>
<arg>${element_to_clear_and_input_text}</arg>
<doc>Returns the value attribute of the element identified by ``locator``.</doc>
<status status="PASS" start="2025-09-25T19:50:03.738179" elapsed="0.027021"/>
</kw>
<kw name="Run Keyword If" owner="BuiltIn">
<arg>'${existing_text}' != ''</arg>
<arg>Press Keys</arg>
<arg>${element_to_clear_and_input_text}</arg>
<arg>CTRL+A</arg>
<arg>COMMAND+A</arg>
<arg>BACKSPACE</arg>
<doc>Runs the given keyword with the given arguments, if ``condition`` is true.</doc>
<status status="PASS" start="2025-09-25T19:50:03.765844" elapsed="0.000322"/>
</kw>
<kw name="Input Text" owner="SeleniumLibrary">
<msg time="2025-09-25T19:50:03.766525" level="INFO">Typing text 'Ervin' into text field '//input[@name='first_name']'.</msg>
<arg>${element_to_clear_and_input_text}</arg>
<arg>${input}</arg>
<doc>Types the given ``text`` into the text field identified by ``locator``.</doc>
<status status="PASS" start="2025-09-25T19:50:03.766295" elapsed="0.035208"/>
</kw>
<arg>${customers_txt_firstname}</arg>
<arg>${customer["name"].split(" ")[0]}</arg>
<status status="PASS" start="2025-09-25T19:50:03.711062" elapsed="0.090513"/>
</kw>
<kw name="Input and Clear Data" owner="CustomerPage">
<kw name="Click Element" owner="SeleniumLibrary">
<msg time="2025-09-25T19:50:03.802178" level="INFO">Clicking element '//input[@name='last_name']'.</msg>
<arg>${element_to_clear_and_input_text}</arg>
<doc>Click the element identified by ``locator``.</doc>
<status status="PASS" start="2025-09-25T19:50:03.802079" elapsed="0.056307"/>
</kw>
<kw name="Get Value" owner="SeleniumLibrary">
<msg time="2025-09-25T19:50:03.867101" level="INFO">${existing_text} = </msg>
<var>${existing_text}</var>
<arg>${element_to_clear_and_input_text}</arg>
<doc>Returns the value attribute of the element identified by ``locator``.</doc>
<status status="PASS" start="2025-09-25T19:50:03.858613" elapsed="0.008515"/>
</kw>
<kw name="Run Keyword If" owner="BuiltIn">
<arg>'${existing_text}' != ''</arg>
<arg>Press Keys</arg>
<arg>${element_to_clear_and_input_text}</arg>
<arg>CTRL+A</arg>
<arg>COMMAND+A</arg>
<arg>BACKSPACE</arg>
<doc>Runs the given keyword with the given arguments, if ``condition`` is true.</doc>
<status status="PASS" start="2025-09-25T19:50:03.867230" elapsed="0.000129"/>
</kw>
<kw name="Input Text" owner="SeleniumLibrary">
<msg time="2025-09-25T19:50:03.867531" level="INFO">Typing text 'Howell' into text field '//input[@name='last_name']'.</msg>
<arg>${element_to_clear_and_input_text}</arg>
<arg>${input}</arg>
<doc>Types the given ``text`` into the text field identified by ``locator``.</doc>
<status status="PASS" start="2025-09-25T19:50:03.867419" elapsed="0.040914"/>
</kw>
<arg>${customers_txt_lastname}</arg>
<arg>${customer["name"].split(" ")[1]}</arg>
<status status="PASS" start="2025-09-25T19:50:03.801686" elapsed="0.106810"/>
</kw>
<kw name="Input and Clear Data" owner="CustomerPage">
<kw name="Click Element" owner="SeleniumLibrary">
<msg time="2025-09-25T19:50:03.909328" level="INFO">Clicking element '//input[@name='email']'.</msg>
<arg>${element_to_clear_and_input_text}</arg>
<doc>Click the element identified by ``locator``.</doc>
<status status="PASS" start="2025-09-25T19:50:03.909209" elapsed="0.031902"/>
</kw>
<kw name="Get Value" owner="SeleniumLibrary">
<msg time="2025-09-25T19:50:03.960534" level="INFO">${existing_text} = </msg>
<var>${existing_text}</var>
<arg>${element_to_clear_and_input_text}</arg>
<doc>Returns the value attribute of the element identified by ``locator``.</doc>
<status status="PASS" start="2025-09-25T19:50:03.941235" elapsed="0.019326"/>
</kw>
<kw name="Run Keyword If" owner="BuiltIn">
<arg>'${existing_text}' != ''</arg>
<arg>Press Keys</arg>
<arg>${element_to_clear_and_input_text}</arg>
<arg>CTRL+A</arg>
<arg>COMMAND+A</arg>
<arg>BACKSPACE</arg>
<doc>Runs the given keyword with the given arguments, if ``condition`` is true.</doc>
<status status="PASS" start="2025-09-25T19:50:03.960665" elapsed="0.000117"/>
</kw>
<kw name="Input Text" owner="SeleniumLibrary">
<msg time="2025-09-25T19:50:03.960955" level="INFO">Typing text 'Shanna@melissa.tv' into text field '//input[@name='email']'.</msg>
<arg>${element_to_clear_and_input_text}</arg>
<arg>${input}</arg>
<doc>Types the given ``text`` into the text field identified by ``locator``.</doc>
<status status="PASS" start="2025-09-25T19:50:03.960843" elapsed="0.055860"/>
</kw>
<arg>${customers_txt_email}</arg>
<arg>${customer["email"]}</arg>
<status status="PASS" start="2025-09-25T19:50:03.908623" elapsed="0.108157"/>
</kw>
<kw name="Input Text" owner="SeleniumLibrary">
<msg time="2025-09-25T19:50:04.017383" level="INFO">Typing text '10042000' into text field '//input[@name='birthday']'.</msg>
<arg>${customers_txt_birthday}</arg>
<arg>${customer["birthday"]}</arg>
<doc>Types the given ``text`` into the text field identified by ``locator``.</doc>
<status status="PASS" start="2025-09-25T19:50:04.016901" elapsed="0.055210"/>
</kw>
<kw name="Input and Clear Data" owner="CustomerPage">
<kw name="Click Element" owner="SeleniumLibrary">
<msg time="2025-09-25T19:50:04.073318" level="INFO">Clicking element '//textarea[@name='address']'.</msg>
<arg>${element_to_clear_and_input_text}</arg>
<doc>Click the element identified by ``locator``.</doc>
<status status="PASS" start="2025-09-25T19:50:04.073154" elapsed="0.028503"/>
</kw>
<kw name="Get Value" owner="SeleniumLibrary">
<msg time="2025-09-25T19:50:04.110001" level="INFO">${existing_text} = </msg>
<var>${existing_text}</var>
<arg>${element_to_clear_and_input_text}</arg>
<doc>Returns the value attribute of the element identified by ``locator``.</doc>
<status status="PASS" start="2025-09-25T19:50:04.101782" elapsed="0.008246"/>
</kw>
<kw name="Run Keyword If" owner="BuiltIn">
<arg>'${existing_text}' != ''</arg>
<arg>Press Keys</arg>
<arg>${element_to_clear_and_input_text}</arg>
<arg>CTRL+A</arg>
<arg>COMMAND+A</arg>
<arg>BACKSPACE</arg>
<doc>Runs the given keyword with the given arguments, if ``condition`` is true.</doc>
<status status="PASS" start="2025-09-25T19:50:04.110131" elapsed="0.000112"/>
</kw>
<kw name="Input Text" owner="SeleniumLibrary">
<msg time="2025-09-25T19:50:04.110410" level="INFO">Typing text 'Victor Plains Suite 879' into text field '//textarea[@name='address']'.</msg>
<arg>${element_to_clear_and_input_text}</arg>
<arg>${input}</arg>
<doc>Types the given ``text`` into the text field identified by ``locator``.</doc>
<status status="PASS" start="2025-09-25T19:50:04.110301" elapsed="0.042618"/>
</kw>
<arg>${customers_txt_address}</arg>
<arg>${customer["address"]["street"]} ${customer["address"]["suite"]}</arg>
<status status="PASS" start="2025-09-25T19:50:04.072235" elapsed="0.080767"/>
</kw>
<kw name="Input and Clear Data" owner="CustomerPage">
<kw name="Click Element" owner="SeleniumLibrary">
<msg time="2025-09-25T19:50:04.154632" level="INFO">Clicking element '//input[@name='city']'.</msg>
<arg>${element_to_clear_and_input_text}</arg>
<doc>Click the element identified by ``locator``.</doc>
<status status="PASS" start="2025-09-25T19:50:04.154454" elapsed="0.036755"/>
</kw>
<kw name="Get Value" owner="SeleniumLibrary">
<msg time="2025-09-25T19:50:04.199963" level="INFO">${existing_text} = </msg>
<var>${existing_text}</var>
<arg>${element_to_clear_and_input_text}</arg>
<doc>Returns the value attribute of the element identified by ``locator``.</doc>
<status status="PASS" start="2025-09-25T19:50:04.191556" elapsed="0.008442"/>
</kw>
<kw name="Run Keyword If" owner="BuiltIn">
<arg>'${existing_text}' != ''</arg>
<arg>Press Keys</arg>
<arg>${element_to_clear_and_input_text}</arg>
<arg>CTRL+A</arg>
<arg>COMMAND+A</arg>
<arg>BACKSPACE</arg>
<doc>Runs the given keyword with the given arguments, if ``condition`` is true.</doc>
<status status="PASS" start="2025-09-25T19:50:04.200117" elapsed="0.000139"/>
</kw>
<kw name="Input Text" owner="SeleniumLibrary">
<msg time="2025-09-25T19:50:04.200475" level="INFO">Typing text 'Wisokyburgh' into text field '//input[@name='city']'.</msg>
<arg>${element_to_clear_and_input_text}</arg>
<arg>${input}</arg>
<doc>Types the given ``text`` into the text field identified by ``locator``.</doc>
<status status="PASS" start="2025-09-25T19:50:04.200341" elapsed="0.044777"/>
</kw>
<arg>${customers_txt_city}</arg>
<arg>${customer["address"]["city"]}</arg>
<status status="PASS" start="2025-09-25T19:50:04.153137" elapsed="0.092054"/>
</kw>
<kw name="Input and Clear Data" owner="CustomerPage">
<kw name="Click Element" owner="SeleniumLibrary">
<msg time="2025-09-25T19:50:04.245924" level="INFO">Clicking element '//input[@name='stateAbbr']'.</msg>
<arg>${element_to_clear_and_input_text}</arg>
<doc>Click the element identified by ``locator``.</doc>
<status status="PASS" start="2025-09-25T19:50:04.245809" elapsed="0.030626"/>
</kw>
<kw name="Get Value" owner="SeleniumLibrary">
<msg time="2025-09-25T19:50:04.296515" level="INFO">${existing_text} = </msg>
<var>${existing_text}</var>
<arg>${element_to_clear_and_input_text}</arg>
<doc>Returns the value attribute of the element identified by ``locator``.</doc>
<status status="PASS" start="2025-09-25T19:50:04.276674" elapsed="0.019869"/>
</kw>
<kw name="Run Keyword If" owner="BuiltIn">
<arg>'${existing_text}' != ''</arg>
<arg>Press Keys</arg>
<arg>${element_to_clear_and_input_text}</arg>
<arg>CTRL+A</arg>
<arg>COMMAND+A</arg>
<arg>BACKSPACE</arg>
<doc>Runs the given keyword with the given arguments, if ``condition`` is true.</doc>
<status status="PASS" start="2025-09-25T19:50:04.296655" elapsed="0.000127"/>
</kw>
<kw name="Input Text" owner="SeleniumLibrary">
<msg time="2025-09-25T19:50:04.296957" level="INFO">Typing text 'VSW' into text field '//input[@name='stateAbbr']'.</msg>
<arg>${element_to_clear_and_input_text}</arg>
<arg>${input}</arg>
<doc>Types the given ``text`` into the text field identified by ``locator``.</doc>
<status status="PASS" start="2025-09-25T19:50:04.296843" elapsed="0.032539"/>
</kw>
<arg>${customers_txt_stateAbbr}</arg>
<arg>${customer["stateAbbr"]}</arg>
<status status="PASS" start="2025-09-25T19:50:04.245300" elapsed="0.084164"/>
</kw>
<kw name="Input and Clear Data" owner="CustomerPage">
<kw name="Click Element" owner="SeleniumLibrary">
<msg time="2025-09-25T19:50:04.330051" level="INFO">Clicking element '//input[@name='zipcode']'.</msg>
<arg>${element_to_clear_and_input_text}</arg>
<doc>Click the element identified by ``locator``.</doc>
<status status="PASS" start="2025-09-25T19:50:04.329950" elapsed="0.032622"/>
</kw>
<kw name="Get Value" owner="SeleniumLibrary">
<msg time="2025-09-25T19:50:04.378278" level="INFO">${existing_text} = </msg>
<var>${existing_text}</var>
<arg>${element_to_clear_and_input_text}</arg>
<doc>Returns the value attribute of the element identified by ``locator``.</doc>
<status status="PASS" start="2025-09-25T19:50:04.362683" elapsed="0.015620"/>
</kw>
<kw name="Run Keyword If" owner="BuiltIn">
<arg>'${existing_text}' != ''</arg>
<arg>Press Keys</arg>
<arg>${element_to_clear_and_input_text}</arg>
<arg>CTRL+A</arg>
<arg>COMMAND+A</arg>
<arg>BACKSPACE</arg>
<doc>Runs the given keyword with the given arguments, if ``condition`` is true.</doc>
<status status="PASS" start="2025-09-25T19:50:04.378403" elapsed="0.000113"/>
</kw>
<kw name="Input Text" owner="SeleniumLibrary">
<msg time="2025-09-25T19:50:04.378688" level="INFO">Typing text '90566-7771' into text field '//input[@name='zipcode']'.</msg>
<arg>${element_to_clear_and_input_text}</arg>
<arg>${input}</arg>
<doc>Types the given ``text`` into the text field identified by ``locator``.</doc>
<status status="PASS" start="2025-09-25T19:50:04.378577" elapsed="0.035050"/>
</kw>
<arg>${customers_txt_zipcode}</arg>
<arg>${customer["address"]["zipcode"]}</arg>
<status status="PASS" start="2025-09-25T19:50:04.329569" elapsed="0.084129"/>
</kw>
<kw name="Input and Clear Data" owner="CustomerPage">
<kw name="Click Element" owner="SeleniumLibrary">
<msg time="2025-09-25T19:50:04.414341" level="INFO">Clicking element '//input[@name='password']'.</msg>
<arg>${element_to_clear_and_input_text}</arg>
<doc>Click the element identified by ``locator``.</doc>
<status status="PASS" start="2025-09-25T19:50:04.414239" elapsed="0.033049"/>
</kw>
<kw name="Get Value" owner="SeleniumLibrary">
<msg time="2025-09-25T19:50:04.464037" level="INFO">${existing_text} = </msg>
<var>${existing_text}</var>
<arg>${element_to_clear_and_input_text}</arg>
<doc>Returns the value attribute of the element identified by ``locator``.</doc>
<status status="PASS" start="2025-09-25T19:50:04.447415" elapsed="0.016649"/>
</kw>
<kw name="Run Keyword If" owner="BuiltIn">
<arg>'${existing_text}' != ''</arg>
<arg>Press Keys</arg>
<arg>${element_to_clear_and_input_text}</arg>
<arg>CTRL+A</arg>
<arg>COMMAND+A</arg>
<arg>BACKSPACE</arg>
<doc>Runs the given keyword with the given arguments, if ``condition`` is true.</doc>
<status status="PASS" start="2025-09-25T19:50:04.464164" elapsed="0.000120"/>
</kw>
<kw name="Input Text" owner="SeleniumLibrary">
<msg time="2025-09-25T19:50:04.464464" level="INFO">Typing text 'z5Uumx9@' into text field '//input[@name='password']'.</msg>
<arg>${element_to_clear_and_input_text}</arg>
<arg>${input}</arg>
<doc>Types the given ``text`` into the text field identified by ``locator``.</doc>
<status status="PASS" start="2025-09-25T19:50:04.464346" elapsed="0.035189"/>
</kw>
<arg>${customers_txt_password}</arg>
<arg>${customer["password"]}</arg>
<status status="PASS" start="2025-09-25T19:50:04.413810" elapsed="0.085849"/>
</kw>
<kw name="Input and Clear Data" owner="CustomerPage">
<kw name="Click Element" owner="SeleniumLibrary">
<msg time="2025-09-25T19:50:04.500316" level="INFO">Clicking element '//input[@name='confirm_password']'.</msg>
<arg>${element_to_clear_and_input_text}</arg>
<doc>Click the element identified by ``locator``.</doc>
<status status="PASS" start="2025-09-25T19:50:04.500213" elapsed="0.029664"/>
</kw>
<kw name="Get Value" owner="SeleniumLibrary">
<msg time="2025-09-25T19:50:04.535432" level="INFO">${existing_text} = </msg>
<var>${existing_text}</var>
<arg>${element_to_clear_and_input_text}</arg>
<doc>Returns the value attribute of the element identified by ``locator``.</doc>
<status status="PASS" start="2025-09-25T19:50:04.529983" elapsed="0.005474"/>
</kw>
<kw name="Run Keyword If" owner="BuiltIn">
<arg>'${existing_text}' != ''</arg>
<arg>Press Keys</arg>
<arg>${element_to_clear_and_input_text}</arg>
<arg>CTRL+A</arg>
<arg>COMMAND+A</arg>
<arg>BACKSPACE</arg>
<doc>Runs the given keyword with the given arguments, if ``condition`` is true.</doc>
<status status="PASS" start="2025-09-25T19:50:04.535546" elapsed="0.000115"/>
</kw>
<kw name="Input Text" owner="SeleniumLibrary">
<msg time="2025-09-25T19:50:04.535885" level="INFO">Typing text 'z5Uumx9@' into text field '//input[@name='confirm_password']'.</msg>
<arg>${element_to_clear_and_input_text}</arg>
<arg>${input}</arg>
<doc>Types the given ``text`` into the text field identified by ``locator``.</doc>
<status status="PASS" start="2025-09-25T19:50:04.535736" elapsed="0.042444"/>
</kw>
<arg>${customers_txt_confirm_password}</arg>
<arg>${customer["password"]}</arg>
<status status="PASS" start="2025-09-25T19:50:04.499775" elapsed="0.078680"/>
</kw>
<arg>${customer}</arg>
<status status="PASS" start="2025-09-25T19:50:03.701803" elapsed="0.876820"/>
</kw>
<kw name="Click Button" owner="SeleniumLibrary">
<msg time="2025-09-25T19:50:04.580053" level="INFO">Clicking button '//button[@aria-label='Save']'.</msg>
<arg>${customers_btn_save}</arg>
<doc>Clicks the button identified by ``locator``.</doc>
<status status="PASS" start="2025-09-25T19:50:04.579378" elapsed="0.050111"/>
</kw>
<kw name="Wait Until Page Contains" owner="SeleniumLibrary">
<arg>Customer created</arg>
<doc>Waits until ``text`` appears on the current page.</doc>
<status status="PASS" start="2025-09-25T19:50:04.629628" elapsed="0.428921"/>
</kw>
<arg>${customer}</arg>
<status status="PASS" start="2025-09-25T19:50:03.628572" elapsed="1.430066"/>
</kw>
<kw name="Verify Customer Is Added" owner="CustomerPage">
<kw name="Get Element Attribute" owner="SeleniumLibrary">
<msg time="2025-09-25T19:50:05.065621" level="INFO">${first_name} = Ervin</msg>
<var>${first_name}</var>
<arg>${customers_txt_firstname}</arg>
<arg>value</arg>
<doc>Returns the value of ``attribute`` from the element ``locator``.</doc>
<status status="PASS" start="2025-09-25T19:50:05.059228" elapsed="0.006429"/>
</kw>
<kw name="Get Element Attribute" owner="SeleniumLibrary">
<msg time="2025-09-25T19:50:05.073803" level="INFO">${last_name} = Howell</msg>
<var>${last_name}</var>
<arg>${customers_txt_lastname}</arg>
<arg>value</arg>
<doc>Returns the value of ``attribute`` from the element ``locator``.</doc>
<status status="PASS" start="2025-09-25T19:50:05.065791" elapsed="0.008041"/>
</kw>
<kw name="Get Element Attribute" owner="SeleniumLibrary">
<msg time="2025-09-25T19:50:05.080007" level="INFO">${email} = Shanna@melissa.tv</msg>
<var>${email}</var>
<arg>${customers_txt_email}</arg>
<arg>value</arg>
<doc>Returns the value of ``attribute`` from the element ``locator``.</doc>
<status status="PASS" start="2025-09-25T19:50:05.073940" elapsed="0.006093"/>
</kw>
<kw name="Get Element Attribute" owner="SeleniumLibrary">
<msg time="2025-09-25T19:50:05.085697" level="INFO">${birthday} = 2000-10-04</msg>
<var>${birthday}</var>
<arg>${customers_txt_birthday}</arg>
<arg>value</arg>
<doc>Returns the value of ``attribute`` from the element ``locator``.</doc>
<status status="PASS" start="2025-09-25T19:50:05.080139" elapsed="0.005602"/>
</kw>
<kw name="Get Element Attribute" owner="SeleniumLibrary">
<msg time="2025-09-25T19:50:05.091834" level="INFO">${address} = Victor Plains Suite 879</msg>
<var>${address}</var>
<arg>${customers_txt_address}</arg>
<arg>value</arg>
<doc>Returns the value of ``attribute`` from the element ``locator``.</doc>
<status status="PASS" start="2025-09-25T19:50:05.085843" elapsed="0.006016"/>
</kw>
<kw name="Get Element Attribute" owner="SeleniumLibrary">
<msg time="2025-09-25T19:50:05.097173" level="INFO">${city} = Wisokyburgh</msg>
<var>${city}</var>
<arg>${customers_txt_city}</arg>
<arg>value</arg>
<doc>Returns the value of ``attribute`` from the element ``locator``.</doc>
<status status="PASS" start="2025-09-25T19:50:05.091947" elapsed="0.005246"/>
</kw>
<kw name="Get Element Attribute" owner="SeleniumLibrary">
<msg time="2025-09-25T19:50:05.104338" level="INFO">${stateAbbr} = VSW</msg>
<var>${stateAbbr}</var>
<arg>${customers_txt_stateAbbr}</arg>
<arg>value</arg>
<doc>Returns the value of ``attribute`` from the element ``locator``.</doc>
<status status="PASS" start="2025-09-25T19:50:05.097266" elapsed="0.007135"/>
</kw>
<kw name="Get Element Attribute" owner="SeleniumLibrary">
<msg time="2025-09-25T19:50:05.112218" level="INFO">${zipcode} = 90566-7771</msg>
<var>${zipcode}</var>
<arg>${customers_txt_zipcode}</arg>
<arg>value</arg>
<doc>Returns the value of ``attribute`` from the element ``locator``.</doc>
<status status="PASS" start="2025-09-25T19:50:05.104650" elapsed="0.007595"/>
</kw>
<kw name="Get Element Attribute" owner="SeleniumLibrary">
<msg time="2025-09-25T19:50:05.118056" level="INFO">${password} = z5Uumx9@</msg>
<var>${password}</var>
<arg>${customers_txt_password}</arg>
<arg>value</arg>
<doc>Returns the value of ``attribute`` from the element ``locator``.</doc>
<status status="PASS" start="2025-09-25T19:50:05.112343" elapsed="0.005742"/>
</kw>
<kw name="Get Element Attribute" owner="SeleniumLibrary">
<msg time="2025-09-25T19:50:05.125013" level="INFO">${confirm_password} = z5Uumx9@</msg>
<var>${confirm_password}</var>
<arg>${customers_txt_confirm_password}</arg>
<arg>value</arg>
<doc>Returns the value of ``attribute`` from the element ``locator``.</doc>
<status status="PASS" start="2025-09-25T19:50:05.118300" elapsed="0.006738"/>
</kw>
<kw name="Should Be Equal As Strings" owner="BuiltIn">
<arg>${first_name}</arg>
<arg>${customer["name"].split(" ")[0]}</arg>
<doc>Fails if objects are unequal after converting them to strings.</doc>
<status status="PASS" start="2025-09-25T19:50:05.125139" elapsed="0.000393"/>
</kw>
<kw name="Should Be Equal As Strings" owner="BuiltIn">
<arg>${lastname}</arg>
<arg>${customer["name"].split(" ")[1]}</arg>
<doc>Fails if objects are unequal after converting them to strings.</doc>
<status status="PASS" start="2025-09-25T19:50:05.125631" elapsed="0.000309"/>
</kw>
<kw name="Should Be Equal As Strings" owner="BuiltIn">
<arg>${email}</arg>
<arg>${customer["email"]}</arg>
<doc>Fails if objects are unequal after converting them to strings.</doc>
<status status="PASS" start="2025-09-25T19:50:05.125999" elapsed="0.000282"/>
</kw>
<kw name="Convert Date Format" owner="CustomLibrary">
<msg time="2025-09-25T19:50:05.126604" level="INFO">${customer_birthday} = 2000-10-04</msg>
<var>${customer_birthday}</var>
<arg>${customer["birthday"]}</arg>
<status status="PASS" start="2025-09-25T19:50:05.126332" elapsed="0.000286"/>
</kw>
<kw name="Should Be Equal As Strings" owner="BuiltIn">
<arg>${birthday}</arg>
<arg>${customer_birthday}</arg>
<doc>Fails if objects are unequal after converting them to strings.</doc>
<status status="PASS" start="2025-09-25T19:50:05.126662" elapsed="0.000070"/>
</kw>
<kw name="Should Be Equal As Strings" owner="BuiltIn">
<arg>${address}</arg>
<arg>${customer["address"]["street"]} ${customer["address"]["suite"]}</arg>
<doc>Fails if objects are unequal after converting them to strings.</doc>
<status status="PASS" start="2025-09-25T19:50:05.126772" elapsed="0.000392"/>
</kw>
<kw name="Should Be Equal As Strings" owner="BuiltIn">
<arg>${city}</arg>
<arg>${customer["address"]["city"]}</arg>
<doc>Fails if objects are unequal after converting them to strings.</doc>
<status status="PASS" start="2025-09-25T19:50:05.127207" elapsed="0.000227"/>
</kw>
<kw name="Should Be Equal As Strings" owner="BuiltIn">
<arg>${stateAbbr}</arg>
<arg>${customer["stateAbbr"]}</arg>
<doc>Fails if objects are unequal after converting them to strings.</doc>
<status status="PASS" start="2025-09-25T19:50:05.127475" elapsed="0.000242"/>
</kw>
<kw name="Should Be Equal As Strings" owner="BuiltIn">
<arg>${zipcode}</arg>
<arg>${customer["address"]["zipcode"]}</arg>
<doc>Fails if objects are unequal after converting them to strings.</doc>
<status status="PASS" start="2025-09-25T19:50:05.127758" elapsed="0.000220"/>
</kw>
<kw name="Should Be Equal As Strings" owner="BuiltIn">
<arg>${password}</arg>
<arg>${customer["password"]}</arg>
<doc>Fails if objects are unequal after converting them to strings.</doc>
<status status="PASS" start="2025-09-25T19:50:05.128019" elapsed="0.000250"/>
</kw>
<kw name="Should Be Equal As Strings" owner="BuiltIn">
<arg>${confirm_password}</arg>
<arg>${customer["password"]}</arg>
<doc>Fails if objects are unequal after converting them to strings.</doc>
<status status="PASS" start="2025-09-25T19:50:05.128309" elapsed="0.000238"/>
</kw>
<kw name="Append To List" owner="Collections">
<arg>${verified_users_list}</arg>
<arg>${customer}</arg>
<doc>Adds ``values`` to the end of ``list``.</doc>
<status status="PASS" start="2025-09-25T19:50:05.128588" elapsed="0.000058"/>
</kw>
<arg>${customer}</arg>
<status status="PASS" start="2025-09-25T19:50:05.058950" elapsed="0.069726"/>
</kw>
<var name="${customer}">{'id': 2, 'name': 'Ervin Howell', 'username': 'Antonette', 'email': 'Shanna@melissa.tv', 'address': {'street': 'Victor Plains', 'suite': 'Suite 879', 'city': 'Wisokyburgh', 'zipcode': '90566-7771', 'g...</var>
<status status="PASS" start="2025-09-25T19:50:03.367087" elapsed="1.761613"/>
</iter>
<iter>
<kw name="Go to Customers Page" owner="CustomerPage">
<kw name="Click Element" owner="SeleniumLibrary">
<msg time="2025-09-25T19:50:05.129087" level="INFO">Clicking element '//a[@href="#/customers"]'.</msg>
<arg>${nav_btn_customers}</arg>
<doc>Click the element identified by ``locator``.</doc>
<status status="PASS" start="2025-09-25T19:50:05.128995" elapsed="0.034942"/>
</kw>
<kw name="Wait Until Element Is Visible" owner="SeleniumLibrary">
<arg>//table//tbody//tr</arg>
<doc>Waits until the element ``locator`` is visible.</doc>
<status status="PASS" start="2025-09-25T19:50:05.164049" elapsed="0.260583"/>
</kw>
<status status="PASS" start="2025-09-25T19:50:05.128898" elapsed="0.295837"/>
</kw>
<kw name="Create Customer" owner="CustomerPage">
<kw name="Click Element" owner="SeleniumLibrary">
<msg time="2025-09-25T19:50:05.425311" level="INFO">Clicking element '//a[@aria-label="Create"]'.</msg>
<arg>${customers_btn_create}</arg>
<doc>Click the element identified by ``locator``.</doc>
<status status="PASS" start="2025-09-25T19:50:05.425157" elapsed="0.037583"/>
</kw>
<kw name="Wait Until Element Is Visible" owner="SeleniumLibrary">
<arg>${customers_txt_firstname}</arg>
<doc>Waits until the element ``locator`` is visible.</doc>
<status status="PASS" start="2025-09-25T19:50:05.462861" elapsed="0.221045"/>
</kw>
<kw name="Input Customer Data" owner="CustomerPage">
<kw name="Wait Until Element Is Visible" owner="SeleniumLibrary">
<arg>${customers_txt_firstname}</arg>
<doc>Waits until the element ``locator`` is visible.</doc>
<status status="PASS" start="2025-09-25T19:50:05.684526" elapsed="0.010097"/>
</kw>
<kw name="Input and Clear Data" owner="CustomerPage">
<kw name="Click Element" owner="SeleniumLibrary">
<msg time="2025-09-25T19:50:05.695520" level="INFO">Clicking element '//input[@name='first_name']'.</msg>
<arg>${element_to_clear_and_input_text}</arg>
<doc>Click the element identified by ``locator``.</doc>
<status status="PASS" start="2025-09-25T19:50:05.695377" elapsed="0.044547"/>
</kw>
<kw name="Get Value" owner="SeleniumLibrary">
<msg time="2025-09-25T19:50:05.746715" level="INFO">${existing_text} = </msg>
<var>${existing_text}</var>
<arg>${element_to_clear_and_input_text}</arg>
<doc>Returns the value attribute of the element identified by ``locator``.</doc>
<status status="PASS" start="2025-09-25T19:50:05.740097" elapsed="0.006644"/>
</kw>
<kw name="Run Keyword If" owner="BuiltIn">
<arg>'${existing_text}' != ''</arg>
<arg>Press Keys</arg>
<arg>${element_to_clear_and_input_text}</arg>
<arg>CTRL+A</arg>
<arg>COMMAND+A</arg>
<arg>BACKSPACE</arg>
<doc>Runs the given keyword with the given arguments, if ``condition`` is true.</doc>
<status status="PASS" start="2025-09-25T19:50:05.746848" elapsed="0.000114"/>
</kw>
<kw name="Input Text" owner="SeleniumLibrary">
<msg time="2025-09-25T19:50:05.747147" level="INFO">Typing text 'Clementine' into text field '//input[@name='first_name']'.</msg>
<arg>${element_to_clear_and_input_text}</arg>
<arg>${input}</arg>
<doc>Types the given ``text`` into the text field identified by ``locator``.</doc>
<status status="PASS" start="2025-09-25T19:50:05.747029" elapsed="0.037021"/>
</kw>
<arg>${customers_txt_firstname}</arg>
<arg>${customer["name"].split(" ")[0]}</arg>
<status status="PASS" start="2025-09-25T19:50:05.694800" elapsed="0.089343"/>
</kw>
<kw name="Input and Clear Data" owner="CustomerPage">
<kw name="Click Element" owner="SeleniumLibrary">
<msg time="2025-09-25T19:50:05.785724" level="INFO">Clicking element '//input[@name='last_name']'.</msg>
<arg>${element_to_clear_and_input_text}</arg>
<doc>Click the element identified by ``locator``.</doc>
<status status="PASS" start="2025-09-25T19:50:05.785256" elapsed="0.037898"/>
</kw>
<kw name="Get Value" owner="SeleniumLibrary">
<msg time="2025-09-25T19:50:05.834724" level="INFO">${existing_text} = </msg>
<var>${existing_text}</var>
<arg>${element_to_clear_and_input_text}</arg>
<doc>Returns the value attribute of the element identified by ``locator``.</doc>
<status status="PASS" start="2025-09-25T19:50:05.823280" elapsed="0.011471"/>
</kw>
<kw name="Run Keyword If" owner="BuiltIn">
<arg>'${existing_text}' != ''</arg>
<arg>Press Keys</arg>
<arg>${element_to_clear_and_input_text}</arg>
<arg>CTRL+A</arg>
<arg>COMMAND+A</arg>
<arg>BACKSPACE</arg>
<doc>Runs the given keyword with the given arguments, if ``condition`` is true.</doc>
<status status="PASS" start="2025-09-25T19:50:05.834853" elapsed="0.000113"/>
</kw>
<kw name="Input Text" owner="SeleniumLibrary">
<msg time="2025-09-25T19:50:05.835137" level="INFO">Typing text 'Bauch' into text field '//input[@name='last_name']'.</msg>
<arg>${element_to_clear_and_input_text}</arg>
<arg>${input}</arg>
<doc>Types the given ``text`` into the text field identified by ``locator``.</doc>
<status status="PASS" start="2025-09-25T19:50:05.835025" elapsed="0.034123"/>
</kw>
<arg>${customers_txt_lastname}</arg>
<arg>${customer["name"].split(" ")[1]}</arg>
<status status="PASS" start="2025-09-25T19:50:05.784540" elapsed="0.084701"/>
</kw>
<kw name="Input and Clear Data" owner="CustomerPage">
<kw name="Click Element" owner="SeleniumLibrary">
<msg time="2025-09-25T19:50:05.869911" level="INFO">Clicking element '//input[@name='email']'.</msg>
<arg>${element_to_clear_and_input_text}</arg>
<doc>Click the element identified by ``locator``.</doc>
<status status="PASS" start="2025-09-25T19:50:05.869772" elapsed="0.039163"/>
</kw>
<kw name="Get Value" owner="SeleniumLibrary">
<msg time="2025-09-25T19:50:05.927241" level="INFO">${existing_text} = </msg>
<var>${existing_text}</var>
<arg>${element_to_clear_and_input_text}</arg>
<doc>Returns the value attribute of the element identified by ``locator``.</doc>
<status status="PASS" start="2025-09-25T19:50:05.909075" elapsed="0.018194"/>
</kw>
<kw name="Run Keyword If" owner="BuiltIn">
<arg>'${existing_text}' != ''</arg>
<arg>Press Keys</arg>
<arg>${element_to_clear_and_input_text}</arg>
<arg>CTRL+A</arg>
<arg>COMMAND+A</arg>
<arg>BACKSPACE</arg>
<doc>Runs the given keyword with the given arguments, if ``condition`` is true.</doc>
<status status="PASS" start="2025-09-25T19:50:05.927374" elapsed="0.000114"/>
</kw>
<kw name="Input Text" owner="SeleniumLibrary">
<msg time="2025-09-25T19:50:05.927674" level="INFO">Typing text 'Nathan@yesenia.net' into text field '//input[@name='email']'.</msg>
<arg>${element_to_clear_and_input_text}</arg>
<arg>${input}</arg>
<doc>Types the given ``text`` into the text field identified by ``locator``.</doc>
<status status="PASS" start="2025-09-25T19:50:05.927562" elapsed="0.042253"/>
</kw>
<arg>${customers_txt_email}</arg>
<arg>${customer["email"]}</arg>
<status status="PASS" start="2025-09-25T19:50:05.869354" elapsed="0.100528"/>
</kw>
<kw name="Input Text" owner="SeleniumLibrary">
<msg time="2025-09-25T19:50:05.970332" level="INFO">Typing text '07112004' into text field '//input[@name='birthday']'.</msg>
<arg>${customers_txt_birthday}</arg>
<arg>${customer["birthday"]}</arg>
<doc>Types the given ``text`` into the text field identified by ``locator``.</doc>
<status status="PASS" start="2025-09-25T19:50:05.969957" elapsed="0.051933"/>
</kw>
<kw name="Input and Clear Data" owner="CustomerPage">
<kw name="Click Element" owner="SeleniumLibrary">
<msg time="2025-09-25T19:50:06.023919" level="INFO">Clicking element '//textarea[@name='address']'.</msg>
<arg>${element_to_clear_and_input_text}</arg>
<doc>Click the element identified by ``locator``.</doc>
<status status="PASS" start="2025-09-25T19:50:06.023182" elapsed="0.027763"/>
</kw>
<kw name="Get Value" owner="SeleniumLibrary">
<msg time="2025-09-25T19:50:06.060425" level="INFO">${existing_text} = </msg>
<var>${existing_text}</var>
<arg>${element_to_clear_and_input_text}</arg>
<doc>Returns the value attribute of the element identified by ``locator``.</doc>
<status status="PASS" start="2025-09-25T19:50:06.051065" elapsed="0.009388"/>
</kw>
<kw name="Run Keyword If" owner="BuiltIn">
<arg>'${existing_text}' != ''</arg>
<arg>Press Keys</arg>
<arg>${element_to_clear_and_input_text}</arg>
<arg>CTRL+A</arg>
<arg>COMMAND+A</arg>
<arg>BACKSPACE</arg>
<doc>Runs the given keyword with the given arguments, if ``condition`` is true.</doc>
<status status="PASS" start="2025-09-25T19:50:06.060557" elapsed="0.000124"/>
</kw>
<kw name="Input Text" owner="SeleniumLibrary">
<msg time="2025-09-25T19:50:06.060985" level="INFO">Typing text 'Douglas Extension Suite 847' into text field '//textarea[@name='address']'.</msg>
<arg>${element_to_clear_and_input_text}</arg>
<arg>${input}</arg>
<doc>Types the given ``text`` into the text field identified by ``locator``.</doc>
<status status="PASS" start="2025-09-25T19:50:06.060816" elapsed="0.041726"/>
</kw>
<arg>${customers_txt_address}</arg>
<arg>${customer["address"]["street"]} ${customer["address"]["suite"]}</arg>
<status status="PASS" start="2025-09-25T19:50:06.022030" elapsed="0.080660"/>
</kw>
<kw name="Input and Clear Data" owner="CustomerPage">
<kw name="Click Element" owner="SeleniumLibrary">
<msg time="2025-09-25T19:50:06.103477" level="INFO">Clicking element '//input[@name='city']'.</msg>
<arg>${element_to_clear_and_input_text}</arg>
<doc>Click the element identified by ``locator``.</doc>
<status status="PASS" start="2025-09-25T19:50:06.103317" elapsed="0.035781"/>
</kw>
<kw name="Get Value" owner="SeleniumLibrary">
<msg time="2025-09-25T19:50:06.146393" level="INFO">${existing_text} = </msg>
<var>${existing_text}</var>
<arg>${element_to_clear_and_input_text}</arg>
<doc>Returns the value attribute of the element identified by ``locator``.</doc>
<status status="PASS" start="2025-09-25T19:50:06.139761" elapsed="0.006659"/>
</kw>
<kw name="Run Keyword If" owner="BuiltIn">
<arg>'${existing_text}' != ''</arg>
<arg>Press Keys</arg>
<arg>${element_to_clear_and_input_text}</arg>
<arg>CTRL+A</arg>
<arg>COMMAND+A</arg>
<arg>BACKSPACE</arg>
<doc>Runs the given keyword with the given arguments, if ``condition`` is true.</doc>
<status status="PASS" start="2025-09-25T19:50:06.146516" elapsed="0.000110"/>
</kw>
<kw name="Input Text" owner="SeleniumLibrary">
<msg time="2025-09-25T19:50:06.146787" level="INFO">Typing text 'McKenziehaven' into text field '//input[@name='city']'.</msg>
<arg>${element_to_clear_and_input_text}</arg>
<arg>${input}</arg>
<doc>Types the given ``text`` into the text field identified by ``locator``.</doc>
<status status="PASS" start="2025-09-25T19:50:06.146682" elapsed="0.035022"/>
</kw>
<arg>${customers_txt_city}</arg>
<arg>${customer["address"]["city"]}</arg>
<status status="PASS" start="2025-09-25T19:50:06.102823" elapsed="0.078959"/>
</kw>
<kw name="Input and Clear Data" owner="CustomerPage">
<kw name="Click Element" owner="SeleniumLibrary">
<msg time="2025-09-25T19:50:06.182437" level="INFO">Clicking element '//input[@name='stateAbbr']'.</msg>
<arg>${element_to_clear_and_input_text}</arg>
<doc>Click the element identified by ``locator``.</doc>
<status status="PASS" start="2025-09-25T19:50:06.182337" elapsed="0.031822"/>
</kw>
<kw name="Get Value" owner="SeleniumLibrary">
<msg time="2025-09-25T19:50:06.232014" level="INFO">${existing_text} = </msg>
<var>${existing_text}</var>
<arg>${element_to_clear_and_input_text}</arg>
<doc>Returns the value attribute of the element identified by ``locator``.</doc>
<status status="PASS" start="2025-09-25T19:50:06.214279" elapsed="0.017762"/>
</kw>
<kw name="Run Keyword If" owner="BuiltIn">
<arg>'${existing_text}' != ''</arg>
<arg>Press Keys</arg>
<arg>${element_to_clear_and_input_text}</arg>
<arg>CTRL+A</arg>
<arg>COMMAND+A</arg>
<arg>BACKSPACE</arg>
<doc>Runs the given keyword with the given arguments, if ``condition`` is true.</doc>
<status status="PASS" start="2025-09-25T19:50:06.232137" elapsed="0.000111"/>
</kw>
<kw name="Input Text" owner="SeleniumLibrary">
<msg time="2025-09-25T19:50:06.232415" level="INFO">Typing text 'DSM' into text field '//input[@name='stateAbbr']'.</msg>
<arg>${element_to_clear_and_input_text}</arg>
<arg>${input}</arg>
<doc>Types the given ``text`` into the text field identified by ``locator``.</doc>
<status status="PASS" start="2025-09-25T19:50:06.232306" elapsed="0.031304"/>
</kw>
<arg>${customers_txt_stateAbbr}</arg>
<arg>${customer["stateAbbr"]}</arg>
<status status="PASS" start="2025-09-25T19:50:06.181899" elapsed="0.081784"/>
</kw>
<kw name="Input and Clear Data" owner="CustomerPage">
<kw name="Click Element" owner="SeleniumLibrary">
<msg time="2025-09-25T19:50:06.264262" level="INFO">Clicking element '//input[@name='zipcode']'.</msg>
<arg>${element_to_clear_and_input_text}</arg>
<doc>Click the element identified by ``locator``.</doc>
<status status="PASS" start="2025-09-25T19:50:06.264166" elapsed="0.035711"/>
</kw>
<kw name="Get Value" owner="SeleniumLibrary">
<msg time="2025-09-25T19:50:06.312843" level="INFO">${existing_text} = </msg>
<var>${existing_text}</var>
<arg>${element_to_clear_and_input_text}</arg>
<doc>Returns the value attribute of the element identified by ``locator``.</doc>
<status status="PASS" start="2025-09-25T19:50:06.299987" elapsed="0.012883"/>
</kw>
<kw name="Run Keyword If" owner="BuiltIn">
<arg>'${existing_text}' != ''</arg>
<arg>Press Keys</arg>
<arg>${element_to_clear_and_input_text}</arg>
<arg>CTRL+A</arg>
<arg>COMMAND+A</arg>
<arg>BACKSPACE</arg>
<doc>Runs the given keyword with the given arguments, if ``condition`` is true.</doc>
<status status="PASS" start="2025-09-25T19:50:06.312965" elapsed="0.000109"/>
</kw>
<kw name="Input Text" owner="SeleniumLibrary">
<msg time="2025-09-25T19:50:06.313248" level="INFO">Typing text '59590-4157' into text field '//input[@name='zipcode']'.</msg>
<arg>${element_to_clear_and_input_text}</arg>
<arg>${input}</arg>
<doc>Types the given ``text`` into the text field identified by ``locator``.</doc>
<status status="PASS" start="2025-09-25T19:50:06.313140" elapsed="0.035245"/>
</kw>
<arg>${customers_txt_zipcode}</arg>
<arg>${customer["address"]["zipcode"]}</arg>
<status status="PASS" start="2025-09-25T19:50:06.263786" elapsed="0.084668"/>
</kw>
<kw name="Input and Clear Data" owner="CustomerPage">
<kw name="Click Element" owner="SeleniumLibrary">
<msg time="2025-09-25T19:50:06.349141" level="INFO">Clicking element '//input[@name='password']'.</msg>
<arg>${element_to_clear_and_input_text}</arg>
<doc>Click the element identified by ``locator``.</doc>
<status status="PASS" start="2025-09-25T19:50:06.349032" elapsed="0.031794"/>
</kw>
<kw name="Get Value" owner="SeleniumLibrary">
<msg time="2025-09-25T19:50:06.393031" level="INFO">${existing_text} = </msg>
<var>${existing_text}</var>
<arg>${element_to_clear_and_input_text}</arg>
<doc>Returns the value attribute of the element identified by ``locator``.</doc>
<status status="PASS" start="2025-09-25T19:50:06.380937" elapsed="0.012121"/>
</kw>
<kw name="Run Keyword If" owner="BuiltIn">
<arg>'${existing_text}' != ''</arg>
<arg>Press Keys</arg>
<arg>${element_to_clear_and_input_text}</arg>
<arg>CTRL+A</arg>
<arg>COMMAND+A</arg>
<arg>BACKSPACE</arg>
<doc>Runs the given keyword with the given arguments, if ``condition`` is true.</doc>
<status status="PASS" start="2025-09-25T19:50:06.393169" elapsed="0.000126"/>
</kw>
<kw name="Input Text" owner="SeleniumLibrary">
<msg time="2025-09-25T19:50:06.393471" level="INFO">Typing text 'WnDzbb75' into text field '//input[@name='password']'.</msg>
<arg>${element_to_clear_and_input_text}</arg>
<arg>${input}</arg>
<doc>Types the given ``text`` into the text field identified by ``locator``.</doc>
<status status="PASS" start="2025-09-25T19:50:06.393355" elapsed="0.033767"/>
</kw>
<arg>${customers_txt_password}</arg>
<arg>${customer["password"]}</arg>
<status status="PASS" start="2025-09-25T19:50:06.348557" elapsed="0.078639"/>
</kw>
<kw name="Input and Clear Data" owner="CustomerPage">
<kw name="Click Element" owner="SeleniumLibrary">
<msg time="2025-09-25T19:50:06.427801" level="INFO">Clicking element '//input[@name='confirm_password']'.</msg>
<arg>${element_to_clear_and_input_text}</arg>
<doc>Click the element identified by ``locator``.</doc>
<status status="PASS" start="2025-09-25T19:50:06.427705" elapsed="0.027925"/>
</kw>
<kw name="Get Value" owner="SeleniumLibrary">
<msg time="2025-09-25T19:50:06.463759" level="INFO">${existing_text} = </msg>
<var>${existing_text}</var>
<arg>${element_to_clear_and_input_text}</arg>
<doc>Returns the value attribute of the element identified by ``locator``.</doc>
<status status="PASS" start="2025-09-25T19:50:06.455734" elapsed="0.008056"/>
</kw>
<kw name="Run Keyword If" owner="BuiltIn">
<arg>'${existing_text}' != ''</arg>
<arg>Press Keys</arg>
<arg>${element_to_clear_and_input_text}</arg>
<arg>CTRL+A</arg>
<arg>COMMAND+A</arg>
<arg>BACKSPACE</arg>
<doc>Runs the given keyword with the given arguments, if ``condition`` is true.</doc>
<status status="PASS" start="2025-09-25T19:50:06.464113" elapsed="0.000300"/>
</kw>
<kw name="Input Text" owner="SeleniumLibrary">
<msg time="2025-09-25T19:50:06.464642" level="INFO">Typing text 'WnDzbb75' into text field '//input[@name='confirm_password']'.</msg>
<arg>${element_to_clear_and_input_text}</arg>
<arg>${input}</arg>
<doc>Types the given ``text`` into the text field identified by ``locator``.</doc>
<status status="PASS" start="2025-09-25T19:50:06.464490" elapsed="0.033203"/>
</kw>
<arg>${customers_txt_confirm_password}</arg>
<arg>${customer["password"]}</arg>
<status status="PASS" start="2025-09-25T19:50:06.427299" elapsed="0.070473"/>
</kw>
<arg>${customer}</arg>
<status status="PASS" start="2025-09-25T19:50:05.684188" elapsed="0.813616"/>
</kw>
<kw name="Click Button" owner="SeleniumLibrary">
<msg time="2025-09-25T19:50:06.499277" level="INFO">Clicking button '//button[@aria-label='Save']'.</msg>
<arg>${customers_btn_save}</arg>
<doc>Clicks the button identified by ``locator``.</doc>
<status status="PASS" start="2025-09-25T19:50:06.498961" elapsed="0.040165"/>
</kw>
<kw name="Wait Until Page Contains" owner="SeleniumLibrary">
<arg>Customer created</arg>
<doc>Waits until ``text`` appears on the current page.</doc>
<status status="PASS" start="2025-09-25T19:50:06.539595" elapsed="0.421875"/>
</kw>
<arg>${customer}</arg>
<status status="PASS" start="2025-09-25T19:50:05.424894" elapsed="1.536665"/>
</kw>
<kw name="Verify Customer Is Added" owner="CustomerPage">
<kw name="Get Element Attribute" owner="SeleniumLibrary">
<msg time="2025-09-25T19:50:06.969055" level="INFO">${first_name} = Clementine</msg>
<var>${first_name}</var>
<arg>${customers_txt_firstname}</arg>
<arg>value</arg>
<doc>Returns the value of ``attribute`` from the element ``locator``.</doc>
<status status="PASS" start="2025-09-25T19:50:06.961943" elapsed="0.007143"/>
</kw>
<kw name="Get Element Attribute" owner="SeleniumLibrary">
<msg time="2025-09-25T19:50:06.978042" level="INFO">${last_name} = Bauch</msg>
<var>${last_name}</var>
<arg>${customers_txt_lastname}</arg>
<arg>value</arg>
<doc>Returns the value of ``attribute`` from the element ``locator``.</doc>
<status status="PASS" start="2025-09-25T19:50:06.969197" elapsed="0.008884"/>
</kw>
<kw name="Get Element Attribute" owner="SeleniumLibrary">
<msg time="2025-09-25T19:50:06.984935" level="INFO">${email} = Nathan@yesenia.net</msg>
<var>${email}</var>
<arg>${customers_txt_email}</arg>
<arg>value</arg>
<doc>Returns the value of ``attribute`` from the element ``locator``.</doc>
<status status="PASS" start="2025-09-25T19:50:06.978205" elapsed="0.006768"/>
</kw>
<kw name="Get Element Attribute" owner="SeleniumLibrary">
<msg time="2025-09-25T19:50:06.992741" level="INFO">${birthday} = 2004-07-11</msg>
<var>${birthday}</var>
<arg>${customers_txt_birthday}</arg>
<arg>value</arg>
<doc>Returns the value of ``attribute`` from the element ``locator``.</doc>
<status status="PASS" start="2025-09-25T19:50:06.985093" elapsed="0.007679"/>
</kw>
<kw name="Get Element Attribute" owner="SeleniumLibrary">
<msg time="2025-09-25T19:50:06.999812" level="INFO">${address} = Douglas Extension Suite 847</msg>
<var>${address}</var>
<arg>${customers_txt_address}</arg>
<arg>value</arg>
<doc>Returns the value of ``attribute`` from the element ``locator``.</doc>
<status status="PASS" start="2025-09-25T19:50:06.992894" elapsed="0.006952"/>
</kw>
<kw name="Get Element Attribute" owner="SeleniumLibrary">
<msg time="2025-09-25T19:50:07.005120" level="INFO">${city} = McKenziehaven</msg>
<var>${city}</var>
<arg>${customers_txt_city}</arg>
<arg>value</arg>
<doc>Returns the value of ``attribute`` from the element ``locator``.</doc>
<status status="PASS" start="2025-09-25T19:50:06.999966" elapsed="0.005182"/>
</kw>
<kw name="Get Element Attribute" owner="SeleniumLibrary">
<msg time="2025-09-25T19:50:07.011983" level="INFO">${stateAbbr} = DSM</msg>
<var>${stateAbbr}</var>
<arg>${customers_txt_stateAbbr}</arg>
<arg>value</arg>
<doc>Returns the value of ``attribute`` from the element ``locator``.</doc>
<status status="PASS" start="2025-09-25T19:50:07.005247" elapsed="0.006770"/>
</kw>
<kw name="Get Element Attribute" owner="SeleniumLibrary">
<msg time="2025-09-25T19:50:07.019749" level="INFO">${zipcode} = 59590-4157</msg>
<var>${zipcode}</var>
<arg>${customers_txt_zipcode}</arg>
<arg>value</arg>
<doc>Returns the value of ``attribute`` from the element ``locator``.</doc>
<status status="PASS" start="2025-09-25T19:50:07.012129" elapsed="0.007649"/>
</kw>
<kw name="Get Element Attribute" owner="SeleniumLibrary">
<msg time="2025-09-25T19:50:07.025823" level="INFO">${password} = WnDzbb75</msg>
<var>${password}</var>
<arg>${customers_txt_password}</arg>
<arg>value</arg>
<doc>Returns the value of ``attribute`` from the element ``locator``.</doc>
<status status="PASS" start="2025-09-25T19:50:07.019877" elapsed="0.005976"/>
</kw>
<kw name="Get Element Attribute" owner="SeleniumLibrary">
<msg time="2025-09-25T19:50:07.031124" level="INFO">${confirm_password} = WnDzbb75</msg>
<var>${confirm_password}</var>
<arg>${customers_txt_confirm_password}</arg>
<arg>value</arg>
<doc>Returns the value of ``attribute`` from the element ``locator``.</doc>
<status status="PASS" start="2025-09-25T19:50:07.025950" elapsed="0.005196"/>
</kw>
<kw name="Should Be Equal As Strings" owner="BuiltIn">
<arg>${first_name}</arg>
<arg>${customer["name"].split(" ")[0]}</arg>
<doc>Fails if objects are unequal after converting them to strings.</doc>
<status status="PASS" start="2025-09-25T19:50:07.031222" elapsed="0.000362"/>
</kw>
<kw name="Should Be Equal As Strings" owner="BuiltIn">
<arg>${lastname}</arg>
<arg>${customer["name"].split(" ")[1]}</arg>
[...]
</kw>
<if>
<branch type="IF" condition="&quot;\\n&quot; in &quot;&quot;&quot;${name}&quot;&quot;&quot;">
<kw name="Evaluate" owner="BuiltIn">
<msg time="2025-09-25T19:50:22.304384" level="INFO">${name} =  Guadalupe Wolff</msg>
<var>${name}</var>
<arg>"""${name}""".replace("\\n", " ")[1:]</arg>
<doc>Evaluates the given expression in Python and returns the result.</doc>
<status status="PASS" start="2025-09-25T19:50:22.304278" elapsed="0.000117"/>
</kw>
<status status="PASS" start="2025-09-25T19:50:22.304160" elapsed="0.000256"/>
</branch>
<status status="PASS" start="2025-09-25T19:50:22.304147" elapsed="0.000285"/>
</if>
<if>
<branch type="IF" condition="${total_spent[1:]} &gt; 0">
<kw name="Log To Console" owner="BuiltIn">
<arg>${index}. Name: ${name} : ${total_spent}</arg>
<doc>Logs the given message to the console.</doc>
<status status="NOT RUN" start="2025-09-25T19:50:22.304736" elapsed="0.000012"/>
</kw>
<kw name="Evaluate" owner="BuiltIn">
<var>${total_spending}</var>
<arg>${total_spending} + float("""${total_spent}"""[1:].replace(',', ''))</arg>
<doc>Evaluates the given expression in Python and returns the result.</doc>
<status status="NOT RUN" start="2025-09-25T19:50:22.304790" elapsed="0.000011"/>
</kw>
<status status="NOT RUN" start="2025-09-25T19:50:22.304456" elapsed="0.000361"/>
</branch>
<status status="PASS" start="2025-09-25T19:50:22.304449" elapsed="0.000382"/>
</if>
<kw name="Evaluate" owner="BuiltIn">
<msg time="2025-09-25T19:50:22.304947" level="INFO">${row} = 20</msg>
<var>${row}</var>
<arg>${row}+1</arg>
<doc>Evaluates the given expression in Python and returns the result.</doc>
<status status="PASS" start="2025-09-25T19:50:22.304863" elapsed="0.000096"/>
</kw>
<var name="${index}">18</var>
<status status="PASS" start="2025-09-25T19:50:22.290610" elapsed="0.014369"/>
</iter>
<iter>
<kw name="Get Text" owner="SeleniumLibrary">
<msg time="2025-09-25T19:50:22.312035" level="INFO">${name} = M
Melba Jacobs</msg>
<var>${name}</var>
<arg>((${table_row})[${row}]//td)[2]</arg>
<doc>Returns the text value of the element identified by ``locator``.</doc>
<status status="PASS" start="2025-09-25T19:50:22.305103" elapsed="0.006958"/>
</kw>
<kw name="Get Text" owner="SeleniumLibrary">
<msg time="2025-09-25T19:50:22.318971" level="INFO">${total_spent} = $0.00</msg>
<var>${total_spent}</var>
<arg>((${table_row})[${row}]//td)[5]</arg>
<doc>Returns the text value of the element identified by ``locator``.</doc>
<status status="PASS" start="2025-09-25T19:50:22.312146" elapsed="0.006848"/>
</kw>
<if>
<branch type="IF" condition="&quot;\\n&quot; in &quot;&quot;&quot;${name}&quot;&quot;&quot;">
<kw name="Evaluate" owner="BuiltIn">
<msg time="2025-09-25T19:50:22.319295" level="INFO">${name} =  Melba Jacobs</msg>
<var>${name}</var>
<arg>"""${name}""".replace("\\n", " ")[1:]</arg>
<doc>Evaluates the given expression in Python and returns the result.</doc>
<status status="PASS" start="2025-09-25T19:50:22.319182" elapsed="0.000125"/>
</kw>
<status status="PASS" start="2025-09-25T19:50:22.319058" elapsed="0.000270"/>
</branch>
<status status="PASS" start="2025-09-25T19:50:22.319045" elapsed="0.000300"/>
</if>
<if>
<branch type="IF" condition="${total_spent[1:]} &gt; 0">
<kw name="Log To Console" owner="BuiltIn">
<arg>${index}. Name: ${name} : ${total_spent}</arg>
<doc>Logs the given message to the console.</doc>
<status status="NOT RUN" start="2025-09-25T19:50:22.319652" elapsed="0.000014"/>
</kw>
<kw name="Evaluate" owner="BuiltIn">
<var>${total_spending}</var>
<arg>${total_spending} + float("""${total_spent}"""[1:].replace(',', ''))</arg>
<doc>Evaluates the given expression in Python and returns the result.</doc>
<status status="NOT RUN" start="2025-09-25T19:50:22.319711" elapsed="0.000011"/>
</kw>
<status status="NOT RUN" start="2025-09-25T19:50:22.319369" elapsed="0.000416"/>
</branch>
<status status="PASS" start="2025-09-25T19:50:22.319362" elapsed="0.000438"/>
</if>
<kw name="Evaluate" owner="BuiltIn">
<msg time="2025-09-25T19:50:22.319913" level="INFO">${row} = 21</msg>
<var>${row}</var>
<arg>${row}+1</arg>
<doc>Evaluates the given expression in Python and returns the result.</doc>
<status status="PASS" start="2025-09-25T19:50:22.319834" elapsed="0.000091"/>
</kw>
<var name="${index}">19</var>
<status status="PASS" start="2025-09-25T19:50:22.305065" elapsed="0.014879"/>
</iter>
<iter>
<kw name="Get Text" owner="SeleniumLibrary">
<msg time="2025-09-25T19:50:22.327004" level="INFO">${name} = M
Malinda Zboncak</msg>
<var>${name}</var>
<arg>((${table_row})[${row}]//td)[2]</arg>
<doc>Returns the text value of the element identified by ``locator``.</doc>
<status status="PASS" start="2025-09-25T19:50:22.320069" elapsed="0.006960"/>
</kw>
<kw name="Get Text" owner="SeleniumLibrary">
<msg time="2025-09-25T19:50:22.333675" level="INFO">${total_spent} = $0.00</msg>
<var>${total_spent}</var>
<arg>((${table_row})[${row}]//td)[5]</arg>
<doc>Returns the text value of the element identified by ``locator``.</doc>
<status status="PASS" start="2025-09-25T19:50:22.327116" elapsed="0.006582"/>
</kw>
<if>
<branch type="IF" condition="&quot;\\n&quot; in &quot;&quot;&quot;${name}&quot;&quot;&quot;">
<kw name="Evaluate" owner="BuiltIn">
<msg time="2025-09-25T19:50:22.333994" level="INFO">${name} =  Malinda Zboncak</msg>
<var>${name}</var>
<arg>"""${name}""".replace("\\n", " ")[1:]</arg>
<doc>Evaluates the given expression in Python and returns the result.</doc>
<status status="PASS" start="2025-09-25T19:50:22.333884" elapsed="0.000123"/>
</kw>
<status status="PASS" start="2025-09-25T19:50:22.333761" elapsed="0.000267"/>
</branch>
<status status="PASS" start="2025-09-25T19:50:22.333748" elapsed="0.000298"/>
</if>
<if>
<branch type="IF" condition="${total_spent[1:]} &gt; 0">
<kw name="Log To Console" owner="BuiltIn">
<arg>${index}. Name: ${name} : ${total_spent}</arg>
<doc>Logs the given message to the console.</doc>
<status status="NOT RUN" start="2025-09-25T19:50:22.334354" elapsed="0.000013"/>
</kw>
<kw name="Evaluate" owner="BuiltIn">
<var>${total_spending}</var>
<arg>${total_spending} + float("""${total_spent}"""[1:].replace(',', ''))</arg>
<doc>Evaluates the given expression in Python and returns the result.</doc>
<status status="NOT RUN" start="2025-09-25T19:50:22.334411" elapsed="0.000011"/>
</kw>
<status status="NOT RUN" start="2025-09-25T19:50:22.334071" elapsed="0.000367"/>
</branch>
<status status="PASS" start="2025-09-25T19:50:22.334064" elapsed="0.000389"/>
</if>
<kw name="Evaluate" owner="BuiltIn">
<msg time="2025-09-25T19:50:22.334575" level="INFO">${row} = 22</msg>
<var>${row}</var>
<arg>${row}+1</arg>
<doc>Evaluates the given expression in Python and returns the result.</doc>
<status status="PASS" start="2025-09-25T19:50:22.334487" elapsed="0.000100"/>
</kw>
<var name="${index}">20</var>
<status status="PASS" start="2025-09-25T19:50:22.320030" elapsed="0.014575"/>
</iter>
<iter>
<kw name="Get Text" owner="SeleniumLibrary">
<msg time="2025-09-25T19:50:22.341636" level="INFO">${name} = W
Wilbert Yundt</msg>
<var>${name}</var>
<arg>((${table_row})[${row}]//td)[2]</arg>
<doc>Returns the text value of the element identified by ``locator``.</doc>
<status status="PASS" start="2025-09-25T19:50:22.334731" elapsed="0.006930"/>
</kw>
<kw name="Get Text" owner="SeleniumLibrary">
<msg time="2025-09-25T19:50:22.348585" level="INFO">${total_spent} = $0.00</msg>
<var>${total_spent}</var>
<arg>((${table_row})[${row}]//td)[5]</arg>
<doc>Returns the text value of the element identified by ``locator``.</doc>
<status status="PASS" start="2025-09-25T19:50:22.341751" elapsed="0.006857"/>
</kw>
<if>
<branch type="IF" condition="&quot;\\n&quot; in &quot;&quot;&quot;${name}&quot;&quot;&quot;">
<kw name="Evaluate" owner="BuiltIn">
<msg time="2025-09-25T19:50:22.348902" level="INFO">${name} =  Wilbert Yundt</msg>
<var>${name}</var>
<arg>"""${name}""".replace("\\n", " ")[1:]</arg>
<doc>Evaluates the given expression in Python and returns the result.</doc>
<status status="PASS" start="2025-09-25T19:50:22.348795" elapsed="0.000119"/>
</kw>
<status status="PASS" start="2025-09-25T19:50:22.348672" elapsed="0.000263"/>
</branch>
<status status="PASS" start="2025-09-25T19:50:22.348659" elapsed="0.000293"/>
</if>
<if>
<branch type="IF" condition="${total_spent[1:]} &gt; 0">
<kw name="Log To Console" owner="BuiltIn">
<arg>${index}. Name: ${name} : ${total_spent}</arg>
<doc>Logs the given message to the console.</doc>
<status status="NOT RUN" start="2025-09-25T19:50:22.349270" elapsed="0.000013"/>
</kw>
<kw name="Evaluate" owner="BuiltIn">
<var>${total_spending}</var>
<arg>${total_spending} + float("""${total_spent}"""[1:].replace(',', ''))</arg>
<doc>Evaluates the given expression in Python and returns the result.</doc>
<status status="NOT RUN" start="2025-09-25T19:50:22.349325" elapsed="0.000010"/>
</kw>
<status status="NOT RUN" start="2025-09-25T19:50:22.348975" elapsed="0.000377"/>
</branch>
<status status="PASS" start="2025-09-25T19:50:22.348969" elapsed="0.000397"/>
</if>
<kw name="Evaluate" owner="BuiltIn">
<msg time="2025-09-25T19:50:22.349475" level="INFO">${row} = 23</msg>
<var>${row}</var>
<arg>${row}+1</arg>
<doc>Evaluates the given expression in Python and returns the result.</doc>
<status status="PASS" start="2025-09-25T19:50:22.349398" elapsed="0.000089"/>
</kw>
<var name="${index}">21</var>
<status status="PASS" start="2025-09-25T19:50:22.334691" elapsed="0.014814"/>
</iter>
<iter>
<kw name="Get Text" owner="SeleniumLibrary">
<msg time="2025-09-25T19:50:22.356378" level="INFO">${name} = E
Eli Skiles</msg>
<var>${name}</var>
<arg>((${table_row})[${row}]//td)[2]</arg>
<doc>Returns the text value of the element identified by ``locator``.</doc>
<status status="PASS" start="2025-09-25T19:50:22.349629" elapsed="0.006773"/>
</kw>
<kw name="Get Text" owner="SeleniumLibrary">
<msg time="2025-09-25T19:50:22.363149" level="INFO">${total_spent} = $0.00</msg>
<var>${total_spent}</var>
<arg>((${table_row})[${row}]//td)[5]</arg>
<doc>Returns the text value of the element identified by ``locator``.</doc>
<status status="PASS" start="2025-09-25T19:50:22.356491" elapsed="0.006681"/>
</kw>
<if>
<branch type="IF" condition="&quot;\\n&quot; in &quot;&quot;&quot;${name}&quot;&quot;&quot;">
<kw name="Evaluate" owner="BuiltIn">
<msg time="2025-09-25T19:50:22.363470" level="INFO">${name} =  Eli Skiles</msg>
<var>${name}</var>
<arg>"""${name}""".replace("\\n", " ")[1:]</arg>
<doc>Evaluates the given expression in Python and returns the result.</doc>
<status status="PASS" start="2025-09-25T19:50:22.363362" elapsed="0.000120"/>
</kw>
<status status="PASS" start="2025-09-25T19:50:22.363237" elapsed="0.000266"/>
</branch>
<status status="PASS" start="2025-09-25T19:50:22.363224" elapsed="0.000296"/>
</if>
<if>
<branch type="IF" condition="${total_spent[1:]} &gt; 0">
<kw name="Log To Console" owner="BuiltIn">
<arg>${index}. Name: ${name} : ${total_spent}</arg>
<doc>Logs the given message to the console.</doc>
<status status="NOT RUN" start="2025-09-25T19:50:22.363835" elapsed="0.000012"/>
</kw>
<kw name="Evaluate" owner="BuiltIn">
<var>${total_spending}</var>
<arg>${total_spending} + float("""${total_spent}"""[1:].replace(',', ''))</arg>
<doc>Evaluates the given expression in Python and returns the result.</doc>
<status status="NOT RUN" start="2025-09-25T19:50:22.363893" elapsed="0.000011"/>
</kw>
<status status="NOT RUN" start="2025-09-25T19:50:22.363543" elapsed="0.000378"/>
</branch>
<status status="PASS" start="2025-09-25T19:50:22.363537" elapsed="0.000399"/>
</if>
<kw name="Evaluate" owner="BuiltIn">
<msg time="2025-09-25T19:50:22.364047" level="INFO">${row} = 24</msg>
<var>${row}</var>
<arg>${row}+1</arg>
<doc>Evaluates the given expression in Python and returns the result.</doc>
<status status="PASS" start="2025-09-25T19:50:22.363969" elapsed="0.000090"/>
</kw>
<var name="${index}">22</var>
<status status="PASS" start="2025-09-25T19:50:22.349589" elapsed="0.014534"/>
</iter>
<iter>
<kw name="Get Text" owner="SeleniumLibrary">
<msg time="2025-09-25T19:50:22.372184" level="INFO">${name} = G
Gus Doyle</msg>
<var>${name}</var>
<arg>((${table_row})[${row}]//td)[2]</arg>
<doc>Returns the text value of the element identified by ``locator``.</doc>
<status status="PASS" start="2025-09-25T19:50:22.364252" elapsed="0.007973"/>
</kw>
<kw name="Get Text" owner="SeleniumLibrary">
<msg time="2025-09-25T19:50:22.384079" level="INFO">${total_spent} = $0.00</msg>
<var>${total_spent}</var>
<arg>((${table_row})[${row}]//td)[5]</arg>
<doc>Returns the text value of the element identified by ``locator``.</doc>
<status status="PASS" start="2025-09-25T19:50:22.372420" elapsed="0.011689"/>
</kw>
<if>
<branch type="IF" condition="&quot;\\n&quot; in &quot;&quot;&quot;${name}&quot;&quot;&quot;">
<kw name="Evaluate" owner="BuiltIn">
<msg time="2025-09-25T19:50:22.384962" level="INFO">${name} =  Gus Doyle</msg>
<var>${name}</var>
<arg>"""${name}""".replace("\\n", " ")[1:]</arg>
<doc>Evaluates the given expression in Python and returns the result.</doc>
<status status="PASS" start="2025-09-25T19:50:22.384562" elapsed="0.000420"/>
</kw>
<status status="PASS" start="2025-09-25T19:50:22.384299" elapsed="0.000715"/>
</branch>
<status status="PASS" start="2025-09-25T19:50:22.384280" elapsed="0.000762"/>
</if>
<if>
<branch type="IF" condition="${total_spent[1:]} &gt; 0">
<kw name="Log To Console" owner="BuiltIn">
<arg>${index}. Name: ${name} : ${total_spent}</arg>
<doc>Logs the given message to the console.</doc>
<status status="NOT RUN" start="2025-09-25T19:50:22.385537" elapsed="0.000023"/>
</kw>
<kw name="Evaluate" owner="BuiltIn">
<var>${total_spending}</var>
<arg>${total_spending} + float("""${total_spent}"""[1:].replace(',', ''))</arg>
<doc>Evaluates the given expression in Python and returns the result.</doc>
<status status="NOT RUN" start="2025-09-25T19:50:22.385622" elapsed="0.000013"/>
</kw>
<status status="NOT RUN" start="2025-09-25T19:50:22.385095" elapsed="0.000560"/>
</branch>
<status status="PASS" start="2025-09-25T19:50:22.385083" elapsed="0.000591"/>
</if>
<kw name="Evaluate" owner="BuiltIn">
<msg time="2025-09-25T19:50:22.385823" level="INFO">${row} = 25</msg>
<var>${row}</var>
<arg>${row}+1</arg>
<doc>Evaluates the given expression in Python and returns the result.</doc>
<status status="PASS" start="2025-09-25T19:50:22.385716" elapsed="0.000121"/>
</kw>
<var name="${index}">23</var>
<status status="PASS" start="2025-09-25T19:50:22.364211" elapsed="0.021648"/>
</iter>
<iter>
<kw name="Get Text" owner="SeleniumLibrary">
<msg time="2025-09-25T19:50:22.396832" level="INFO">${name} = K
Kaylin O'Keefe</msg>
<var>${name}</var>
<arg>((${table_row})[${row}]//td)[2]</arg>
<doc>Returns the text value of the element identified by ``locator``.</doc>
<status status="PASS" start="2025-09-25T19:50:22.386043" elapsed="0.010872"/>
</kw>
<kw name="Get Text" owner="SeleniumLibrary">
<msg time="2025-09-25T19:50:22.408401" level="INFO">${total_spent} = $0.00</msg>
<var>${total_spent}</var>
<arg>((${table_row})[${row}]//td)[5]</arg>
<doc>Returns the text value of the element identified by ``locator``.</doc>
<status status="PASS" start="2025-09-25T19:50:22.397047" elapsed="0.011420"/>
</kw>
<if>
<branch type="IF" condition="&quot;\\n&quot; in &quot;&quot;&quot;${name}&quot;&quot;&quot;">
<kw name="Evaluate" owner="BuiltIn">
<msg time="2025-09-25T19:50:22.408967" level="INFO">${name} =  Kaylin O'Keefe</msg>
<var>${name}</var>
<arg>"""${name}""".replace("\\n", " ")[1:]</arg>
<doc>Evaluates the given expression in Python and returns the result.</doc>
<status status="PASS" start="2025-09-25T19:50:22.408815" elapsed="0.000168"/>
</kw>
<status status="PASS" start="2025-09-25T19:50:22.408638" elapsed="0.000371"/>
</branch>
<status status="PASS" start="2025-09-25T19:50:22.408612" elapsed="0.000419"/>
</if>
<if>
<branch type="IF" condition="${total_spent[1:]} &gt; 0">
<kw name="Log To Console" owner="BuiltIn">
<arg>${index}. Name: ${name} : ${total_spent}</arg>
<doc>Logs the given message to the console.</doc>
<status status="NOT RUN" start="2025-09-25T19:50:22.409400" elapsed="0.000015"/>
</kw>
<kw name="Evaluate" owner="BuiltIn">
<var>${total_spending}</var>
<arg>${total_spending} + float("""${total_spent}"""[1:].replace(',', ''))</arg>
<doc>Evaluates the given expression in Python and returns the result.</doc>
<status status="NOT RUN" start="2025-09-25T19:50:22.409465" elapsed="0.000011"/>
</kw>
<status status="NOT RUN" start="2025-09-25T19:50:22.409060" elapsed="0.000435"/>
</branch>
<status status="PASS" start="2025-09-25T19:50:22.409052" elapsed="0.000459"/>
</if>
<kw name="Evaluate" owner="BuiltIn">
<msg time="2025-09-25T19:50:22.409899" level="INFO">${row} = 26</msg>
<var>${row}</var>
<arg>${row}+1</arg>
<doc>Evaluates the given expression in Python and returns the result.</doc>
<status status="PASS" start="2025-09-25T19:50:22.409556" elapsed="0.000395"/>
</kw>
<var name="${index}">24</var>
<status status="PASS" start="2025-09-25T19:50:22.385966" elapsed="0.024064"/>
</iter>
<var>${index}</var>
<value>${table_rows}</value>
<status status="PASS" start="2025-09-25T19:50:22.013777" elapsed="0.396368"/>
</for>
<kw name="Validate and Display Total Customer Spending" owner="CustomerPage">
<kw name="Evaluate" owner="BuiltIn">
<msg time="2025-09-25T19:50:22.411625" level="INFO">${formatted_total} = 1084.30</msg>
<var>${formatted_total}</var>
<arg>"{:.2f}".format(${total_spending})</arg>
<doc>Evaluates the given expression in Python and returns the result.</doc>
<status status="PASS" start="2025-09-25T19:50:22.411235" elapsed="0.000480"/>
</kw>
<kw name="Log To Console" owner="BuiltIn">
<arg>=========================</arg>
<doc>Logs the given message to the console.</doc>
<status status="PASS" start="2025-09-25T19:50:22.411889" elapsed="0.000202"/>
</kw>
<kw name="Log To Console" owner="BuiltIn">
<arg>Total Customer Spending: $${formatted_total}</arg>
<doc>Logs the given message to the console.</doc>
<status status="PASS" start="2025-09-25T19:50:22.412279" elapsed="0.000173"/>
</kw>
<kw name="Log To Console" owner="BuiltIn">
<arg>=========================</arg>
<doc>Logs the given message to the console.</doc>
<status status="PASS" start="2025-09-25T19:50:22.412616" elapsed="0.000181"/>
</kw>
<if>
<branch type="IF" condition="${total_spending} &lt; 3500">
<kw name="Log To Console" owner="BuiltIn">
<arg>FAIL: Total Spending ($${formatted_total}) is below minimum threshold ($3,500)</arg>
<doc>Logs the given message to the console.</doc>
<status status="PASS" start="2025-09-25T19:50:22.413324" elapsed="0.000112"/>
</kw>
<status status="PASS" start="2025-09-25T19:50:22.413100" elapsed="0.000397"/>
</branch>
<branch type="ELSE">
<kw name="Log To Console" owner="BuiltIn">
<arg>PASS: Total Spending ($${formatted_total}) meets minimum threshold ($3,500)</arg>
<doc>Logs the given message to the console.</doc>
<status status="NOT RUN" start="2025-09-25T19:50:22.413723" elapsed="0.000051"/>
</kw>
<status status="NOT RUN" start="2025-09-25T19:50:22.413524" elapsed="0.000284"/>
</branch>
<status status="PASS" start="2025-09-25T19:50:22.413060" elapsed="0.000767"/>
</if>
<arg>${total_spending}</arg>
<status status="PASS" start="2025-09-25T19:50:22.410669" elapsed="0.003208"/>
</kw>
<kw name="Log To Console" owner="BuiltIn">
<arg>\n</arg>
<doc>Logs the given message to the console.</doc>
<status status="PASS" start="2025-09-25T19:50:22.413940" elapsed="0.000067"/>
</kw>
<status status="PASS" start="2025-09-25T19:50:22.008206" elapsed="0.405905"/>
</kw>
<doc>Log the spending of each customer and calculate total spending</doc>
<status status="PASS" start="2025-09-25T19:50:22.007971" elapsed="0.406341"/>
</test>
<status status="PASS" start="2025-09-25T19:49:56.568753" elapsed="25.846137"/>
</suite>
<statistics>
<total>
<stat pass="4" fail="0" skip="0">All Tests</stat>
</total>
<tag>
</tag>
<suite>
<stat name="Test" id="s1" pass="4" fail="0" skip="0">Test</stat>
</suite>
</statistics>
<errors>
</errors>
</robot>
